abr 09, 2016 12:32:45 AM org.apache.catalina.core.AprLifecycleListener init
INFORMAZIONI: The APR based Apache Tomcat Native library which allows optimal performance in production environments was not found on the java.library.path: C:\Program Files\Java\jdk1.8.0_60\bin;C:\WINDOWS\Sun\Java\bin;C:\WINDOWS\system32;C:\WINDOWS;C:\ProgramData\Oracle\Java\javapath;c:\Program Files (x86)\Intel\iCLS Client\;c:\Program Files\Intel\iCLS Client\;C:\WINDOWS\system32;C:\WINDOWS;C:\WINDOWS\System32\Wbem;C:\WINDOWS\System32\WindowsPowerShell\v1.0\;C:\Program Files\Intel\Intel(R) Management Engine Components\DAL;C:\Program Files\Intel\Intel(R) Management Engine Components\IPT;C:\Program Files (x86)\Intel\Intel(R) Management Engine Components\DAL;C:\Program Files (x86)\Intel\Intel(R) Management Engine Components\IPT;C:\Program Files (x86)\Windows Live\Shared;C:\Program Files\Calibre2\;C:\Program Files\Intel\WiFi\bin\;C:\Program Files\Common Files\Intel\WirelessCommon\;C:\Program Files (x86)\Skype\Phone\;C:\Python33;C:\Programmi\Git\bin;C:\Program Files\ggobi;C:\Program Files (x86)\PuTTY\;%CATALINA_HOME%\bin;C:/Program Files/Java/jdk1.8.0_60/bin;C:\Program Files\Docker Toolbox;.
abr 09, 2016 12:32:46 AM org.apache.coyote.http11.Http11Protocol init
INFORMAZIONI: Initializing Coyote HTTP/1.1 on http-8080
abr 09, 2016 12:32:46 AM org.apache.catalina.startup.Catalina load
INFORMAZIONI: Initialization processed in 1757 ms
abr 09, 2016 12:32:46 AM org.apache.catalina.core.StandardService start
INFORMAZIONI: Starting service Catalina
abr 09, 2016 12:32:46 AM org.apache.catalina.core.StandardEngine start
INFORMAZIONI: Starting Servlet Engine: Apache Tomcat/6.0.45
abr 09, 2016 12:32:46 AM org.apache.catalina.startup.HostConfig deployDirectory
INFORMAZIONI: Deploying web application directory docs
abr 09, 2016 12:32:47 AM org.apache.catalina.startup.HostConfig deployDirectory
INFORMAZIONI: Deploying web application directory examples
abr 09, 2016 12:32:47 AM org.apache.catalina.startup.HostConfig deployDirectory
INFORMAZIONI: Deploying web application directory host-manager
abr 09, 2016 12:32:48 AM org.apache.catalina.startup.HostConfig deployDirectory
INFORMAZIONI: Deploying web application directory manager
abr 09, 2016 12:32:48 AM org.apache.catalina.startup.HostConfig deployDirectory
INFORMAZIONI: Deploying web application directory ROOT
abr 09, 2016 12:32:48 AM org.apache.catalina.startup.HostConfig deployDirectory
INFORMAZIONI: Deploying web application directory twilio
abr 09, 2016 12:32:48 AM org.apache.coyote.http11.Http11Protocol start
INFORMAZIONI: Starting Coyote HTTP/1.1 on http-8080
abr 09, 2016 12:32:48 AM org.apache.jk.common.ChannelSocket init
INFORMAZIONI: JK: ajp13 listening on /0.0.0.0:8009
abr 09, 2016 12:32:48 AM org.apache.jk.server.JkMain start
INFORMAZIONI: Jk running ID=0 time=0/59  config=null
abr 09, 2016 12:32:48 AM org.apache.catalina.startup.Catalina start
INFORMAZIONI: Server startup in 2164 ms
abr 09, 2016 12:37:27 AM org.apache.catalina.core.AprLifecycleListener init
INFORMAZIONI: The APR based Apache Tomcat Native library which allows optimal performance in production environments was not found on the java.library.path: C:\Program Files\Java\jdk1.8.0_60\bin;C:\WINDOWS\Sun\Java\bin;C:\WINDOWS\system32;C:\WINDOWS;C:\ProgramData\Oracle\Java\javapath;c:\Program Files (x86)\Intel\iCLS Client\;c:\Program Files\Intel\iCLS Client\;C:\WINDOWS\system32;C:\WINDOWS;C:\WINDOWS\System32\Wbem;C:\WINDOWS\System32\WindowsPowerShell\v1.0\;C:\Program Files\Intel\Intel(R) Management Engine Components\DAL;C:\Program Files\Intel\Intel(R) Management Engine Components\IPT;C:\Program Files (x86)\Intel\Intel(R) Management Engine Components\DAL;C:\Program Files (x86)\Intel\Intel(R) Management Engine Components\IPT;C:\Program Files (x86)\Windows Live\Shared;C:\Program Files\Calibre2\;C:\Program Files\Intel\WiFi\bin\;C:\Program Files\Common Files\Intel\WirelessCommon\;C:\Program Files (x86)\Skype\Phone\;C:\Python33;C:\Programmi\Git\bin;C:\Program Files\ggobi;C:\Program Files (x86)\PuTTY\;%CATALINA_HOME%\bin;C:/Program Files/Java/jdk1.8.0_60/bin;C:\Program Files\Docker Toolbox;.
abr 09, 2016 12:37:28 AM org.apache.coyote.http11.Http11Protocol init
INFORMAZIONI: Initializing Coyote HTTP/1.1 on http-8080
abr 09, 2016 12:37:28 AM org.apache.catalina.startup.Catalina load
INFORMAZIONI: Initialization processed in 1107 ms
abr 09, 2016 12:37:28 AM org.apache.catalina.core.StandardService start
INFORMAZIONI: Starting service Catalina
abr 09, 2016 12:37:28 AM org.apache.catalina.core.StandardEngine start
INFORMAZIONI: Starting Servlet Engine: Apache Tomcat/6.0.45
abr 09, 2016 12:37:28 AM org.apache.catalina.startup.HostConfig deployDescriptor
INFORMAZIONI: Deploying configuration descriptor host-manager.xml
abr 09, 2016 12:37:29 AM org.apache.catalina.startup.HostConfig deployDescriptor
INFORMAZIONI: Deploying configuration descriptor manager.xml
abr 09, 2016 12:37:29 AM org.apache.catalina.startup.HostConfig deployDirectory
INFORMAZIONI: Deploying web application directory docs
abr 09, 2016 12:37:29 AM org.apache.catalina.startup.HostConfig deployDirectory
INFORMAZIONI: Deploying web application directory examples
abr 09, 2016 12:37:29 AM org.apache.catalina.startup.HostConfig deployDirectory
INFORMAZIONI: Deploying web application directory ROOT
abr 09, 2016 12:37:29 AM org.apache.catalina.startup.HostConfig deployDirectory
INFORMAZIONI: Deploying web application directory twilio
abr 09, 2016 12:37:29 AM org.apache.coyote.http11.Http11Protocol start
INFORMAZIONI: Starting Coyote HTTP/1.1 on http-8080
abr 09, 2016 12:37:29 AM org.apache.jk.common.ChannelSocket init
INFORMAZIONI: JK: ajp13 listening on /0.0.0.0:8009
abr 09, 2016 12:37:30 AM org.apache.jk.server.JkMain start
INFORMAZIONI: Jk running ID=0 time=0/42  config=null
abr 09, 2016 12:37:30 AM org.apache.catalina.startup.Catalina start
INFORMAZIONI: Server startup in 1714 ms
abr 09, 2016 1:15:41 AM org.apache.catalina.startup.HostConfig checkResources
INFORMAZIONI: Reloading context [/twilio]
abr 09, 2016 1:17:23 AM org.apache.catalina.core.AprLifecycleListener init
INFORMAZIONI: The APR based Apache Tomcat Native library which allows optimal performance in production environments was not found on the java.library.path: C:\Program Files\Java\jdk1.8.0_60\bin;C:\WINDOWS\Sun\Java\bin;C:\WINDOWS\system32;C:\WINDOWS;C:\ProgramData\Oracle\Java\javapath;c:\Program Files (x86)\Intel\iCLS Client\;c:\Program Files\Intel\iCLS Client\;C:\WINDOWS\system32;C:\WINDOWS;C:\WINDOWS\System32\Wbem;C:\WINDOWS\System32\WindowsPowerShell\v1.0\;C:\Program Files\Intel\Intel(R) Management Engine Components\DAL;C:\Program Files\Intel\Intel(R) Management Engine Components\IPT;C:\Program Files (x86)\Intel\Intel(R) Management Engine Components\DAL;C:\Program Files (x86)\Intel\Intel(R) Management Engine Components\IPT;C:\Program Files (x86)\Windows Live\Shared;C:\Program Files\Calibre2\;C:\Program Files\Intel\WiFi\bin\;C:\Program Files\Common Files\Intel\WirelessCommon\;C:\Program Files (x86)\Skype\Phone\;C:\Python33;C:\Programmi\Git\bin;C:\Program Files\ggobi;C:\Program Files (x86)\PuTTY\;%CATALINA_HOME%\bin;C:/Program Files/Java/jdk1.8.0_60/bin;C:\Program Files\Docker Toolbox;.
abr 09, 2016 1:17:23 AM org.apache.coyote.http11.Http11Protocol init
INFORMAZIONI: Initializing Coyote HTTP/1.1 on http-8080
abr 09, 2016 1:17:23 AM org.apache.catalina.startup.Catalina load
INFORMAZIONI: Initialization processed in 1061 ms
abr 09, 2016 1:17:23 AM org.apache.catalina.core.StandardService start
INFORMAZIONI: Starting service Catalina
abr 09, 2016 1:17:23 AM org.apache.catalina.core.StandardEngine start
INFORMAZIONI: Starting Servlet Engine: Apache Tomcat/6.0.45
abr 09, 2016 1:17:23 AM org.apache.catalina.startup.HostConfig deployDescriptor
INFORMAZIONI: Deploying configuration descriptor host-manager.xml
abr 09, 2016 1:17:24 AM org.apache.catalina.startup.HostConfig deployDescriptor
INFORMAZIONI: Deploying configuration descriptor manager.xml
abr 09, 2016 1:17:24 AM org.apache.catalina.startup.HostConfig deployDirectory
INFORMAZIONI: Deploying web application directory docs
abr 09, 2016 1:17:24 AM org.apache.catalina.startup.HostConfig deployDirectory
INFORMAZIONI: Deploying web application directory examples
abr 09, 2016 1:17:25 AM org.apache.catalina.startup.HostConfig deployDirectory
INFORMAZIONI: Deploying web application directory ROOT
abr 09, 2016 1:17:25 AM org.apache.catalina.startup.HostConfig deployDirectory
INFORMAZIONI: Deploying web application directory twilio
abr 09, 2016 1:17:25 AM org.apache.coyote.http11.Http11Protocol start
INFORMAZIONI: Starting Coyote HTTP/1.1 on http-8080
abr 09, 2016 1:17:25 AM org.apache.jk.common.ChannelSocket init
INFORMAZIONI: JK: ajp13 listening on /0.0.0.0:8009
abr 09, 2016 1:17:25 AM org.apache.jk.server.JkMain start
INFORMAZIONI: Jk running ID=0 time=0/40  config=null
abr 09, 2016 1:17:25 AM org.apache.catalina.startup.Catalina start
INFORMAZIONI: Server startup in 1624 ms
abr 09, 2016 1:45:25 AM org.apache.catalina.core.AprLifecycleListener init
INFORMAZIONI: The APR based Apache Tomcat Native library which allows optimal performance in production environments was not found on the java.library.path: C:\Program Files\Java\jdk1.8.0_60\bin;C:\WINDOWS\Sun\Java\bin;C:\WINDOWS\system32;C:\WINDOWS;C:\ProgramData\Oracle\Java\javapath;c:\Program Files (x86)\Intel\iCLS Client\;c:\Program Files\Intel\iCLS Client\;C:\WINDOWS\system32;C:\WINDOWS;C:\WINDOWS\System32\Wbem;C:\WINDOWS\System32\WindowsPowerShell\v1.0\;C:\Program Files\Intel\Intel(R) Management Engine Components\DAL;C:\Program Files\Intel\Intel(R) Management Engine Components\IPT;C:\Program Files (x86)\Intel\Intel(R) Management Engine Components\DAL;C:\Program Files (x86)\Intel\Intel(R) Management Engine Components\IPT;C:\Program Files (x86)\Windows Live\Shared;C:\Program Files\Calibre2\;C:\Program Files\Intel\WiFi\bin\;C:\Program Files\Common Files\Intel\WirelessCommon\;C:\Program Files (x86)\Skype\Phone\;C:\Python33;C:\Programmi\Git\bin;C:\Program Files\ggobi;C:\Program Files (x86)\PuTTY\;%CATALINA_HOME%\bin;C:/Program Files/Java/jdk1.8.0_60/bin;C:\Program Files\Docker Toolbox;.
abr 09, 2016 1:45:26 AM org.apache.coyote.http11.Http11Protocol init
INFORMAZIONI: Initializing Coyote HTTP/1.1 on http-8080
abr 09, 2016 1:45:26 AM org.apache.catalina.startup.Catalina load
INFORMAZIONI: Initialization processed in 1074 ms
abr 09, 2016 1:45:26 AM org.apache.catalina.core.StandardService start
INFORMAZIONI: Starting service Catalina
abr 09, 2016 1:45:26 AM org.apache.catalina.core.StandardEngine start
INFORMAZIONI: Starting Servlet Engine: Apache Tomcat/6.0.45
abr 09, 2016 1:45:26 AM org.apache.catalina.startup.HostConfig deployDescriptor
INFORMAZIONI: Deploying configuration descriptor host-manager.xml
abr 09, 2016 1:45:27 AM org.apache.catalina.startup.HostConfig deployDescriptor
INFORMAZIONI: Deploying configuration descriptor manager.xml
abr 09, 2016 1:45:27 AM org.apache.catalina.startup.HostConfig deployDirectory
INFORMAZIONI: Deploying web application directory docs
abr 09, 2016 1:45:27 AM org.apache.catalina.startup.HostConfig deployDirectory
INFORMAZIONI: Deploying web application directory examples
abr 09, 2016 1:45:27 AM org.apache.catalina.startup.HostConfig deployDirectory
INFORMAZIONI: Deploying web application directory ROOT
abr 09, 2016 1:45:27 AM org.apache.catalina.startup.HostConfig deployDirectory
INFORMAZIONI: Deploying web application directory twilio
abr 09, 2016 1:45:28 AM org.apache.coyote.http11.Http11Protocol start
INFORMAZIONI: Starting Coyote HTTP/1.1 on http-8080
abr 09, 2016 1:45:28 AM org.apache.jk.common.ChannelSocket init
INFORMAZIONI: JK: ajp13 listening on /0.0.0.0:8009
abr 09, 2016 1:45:28 AM org.apache.jk.server.JkMain start
INFORMAZIONI: Jk running ID=0 time=0/42  config=null
abr 09, 2016 1:45:28 AM org.apache.catalina.startup.Catalina start
INFORMAZIONI: Server startup in 1580 ms
abr 09, 2016 2:51:21 AM org.apache.catalina.startup.HostConfig checkResources
INFORMAZIONI: Undeploying context [/twilio]
abr 09, 2016 2:51:21 AM org.apache.catalina.startup.HostConfig deployDirectory
INFORMAZIONI: Deploying web application directory sms
abr 09, 2016 2:51:54 AM org.apache.catalina.core.AprLifecycleListener init
INFORMAZIONI: The APR based Apache Tomcat Native library which allows optimal performance in production environments was not found on the java.library.path: C:\Program Files\Java\jdk1.8.0_60\bin;C:\WINDOWS\Sun\Java\bin;C:\WINDOWS\system32;C:\WINDOWS;C:\ProgramData\Oracle\Java\javapath;c:\Program Files (x86)\Intel\iCLS Client\;c:\Program Files\Intel\iCLS Client\;C:\WINDOWS\system32;C:\WINDOWS;C:\WINDOWS\System32\Wbem;C:\WINDOWS\System32\WindowsPowerShell\v1.0\;C:\Program Files\Intel\Intel(R) Management Engine Components\DAL;C:\Program Files\Intel\Intel(R) Management Engine Components\IPT;C:\Program Files (x86)\Intel\Intel(R) Management Engine Components\DAL;C:\Program Files (x86)\Intel\Intel(R) Management Engine Components\IPT;C:\Program Files (x86)\Windows Live\Shared;C:\Program Files\Calibre2\;C:\Program Files\Intel\WiFi\bin\;C:\Program Files\Common Files\Intel\WirelessCommon\;C:\Program Files (x86)\Skype\Phone\;C:\Python33;C:\Programmi\Git\bin;C:\Program Files\ggobi;C:\Program Files (x86)\PuTTY\;%CATALINA_HOME%\bin;C:/Program Files/Java/jdk1.8.0_60/bin;C:\Program Files\Docker Toolbox;.
abr 09, 2016 2:51:54 AM org.apache.coyote.http11.Http11Protocol init
INFORMAZIONI: Initializing Coyote HTTP/1.1 on http-8080
abr 09, 2016 2:51:54 AM org.apache.catalina.startup.Catalina load
INFORMAZIONI: Initialization processed in 1006 ms
abr 09, 2016 2:51:54 AM org.apache.catalina.core.StandardService start
INFORMAZIONI: Starting service Catalina
abr 09, 2016 2:51:54 AM org.apache.catalina.core.StandardEngine start
INFORMAZIONI: Starting Servlet Engine: Apache Tomcat/6.0.45
abr 09, 2016 2:51:54 AM org.apache.catalina.startup.HostConfig deployDescriptor
INFORMAZIONI: Deploying configuration descriptor host-manager.xml
abr 09, 2016 2:51:55 AM org.apache.catalina.startup.HostConfig deployDescriptor
INFORMAZIONI: Deploying configuration descriptor manager.xml
abr 09, 2016 2:51:55 AM org.apache.catalina.startup.HostConfig deployDirectory
INFORMAZIONI: Deploying web application directory docs
abr 09, 2016 2:51:55 AM org.apache.catalina.startup.HostConfig deployDirectory
INFORMAZIONI: Deploying web application directory examples
abr 09, 2016 2:51:56 AM org.apache.catalina.startup.HostConfig deployDirectory
INFORMAZIONI: Deploying web application directory ROOT
abr 09, 2016 2:51:56 AM org.apache.catalina.startup.HostConfig deployDirectory
INFORMAZIONI: Deploying web application directory sms
abr 09, 2016 2:51:56 AM org.apache.coyote.http11.Http11Protocol start
INFORMAZIONI: Starting Coyote HTTP/1.1 on http-8080
abr 09, 2016 2:51:56 AM org.apache.jk.common.ChannelSocket init
INFORMAZIONI: JK: ajp13 listening on /0.0.0.0:8009
abr 09, 2016 2:51:56 AM org.apache.jk.server.JkMain start
INFORMAZIONI: Jk running ID=0 time=0/35  config=null
abr 09, 2016 2:51:56 AM org.apache.catalina.startup.Catalina start
INFORMAZIONI: Server startup in 1625 ms
abr 09, 2016 2:58:47 AM org.apache.catalina.startup.HostConfig checkResources
INFORMAZIONI: Undeploying context [/sms]
abr 09, 2016 2:58:47 AM org.apache.catalina.startup.HostConfig deployDirectory
INFORMAZIONI: Deploying web application directory twilio
abr 09, 2016 2:59:10 AM org.apache.catalina.core.AprLifecycleListener init
INFORMAZIONI: The APR based Apache Tomcat Native library which allows optimal performance in production environments was not found on the java.library.path: C:\Program Files\Java\jdk1.8.0_60\bin;C:\WINDOWS\Sun\Java\bin;C:\WINDOWS\system32;C:\WINDOWS;C:\ProgramData\Oracle\Java\javapath;c:\Program Files (x86)\Intel\iCLS Client\;c:\Program Files\Intel\iCLS Client\;C:\WINDOWS\system32;C:\WINDOWS;C:\WINDOWS\System32\Wbem;C:\WINDOWS\System32\WindowsPowerShell\v1.0\;C:\Program Files\Intel\Intel(R) Management Engine Components\DAL;C:\Program Files\Intel\Intel(R) Management Engine Components\IPT;C:\Program Files (x86)\Intel\Intel(R) Management Engine Components\DAL;C:\Program Files (x86)\Intel\Intel(R) Management Engine Components\IPT;C:\Program Files (x86)\Windows Live\Shared;C:\Program Files\Calibre2\;C:\Program Files\Intel\WiFi\bin\;C:\Program Files\Common Files\Intel\WirelessCommon\;C:\Program Files (x86)\Skype\Phone\;C:\Python33;C:\Programmi\Git\bin;C:\Program Files\ggobi;C:\Program Files (x86)\PuTTY\;%CATALINA_HOME%\bin;C:/Program Files/Java/jdk1.8.0_60/bin;C:\Program Files\Docker Toolbox;.
abr 09, 2016 2:59:10 AM org.apache.coyote.http11.Http11Protocol init
INFORMAZIONI: Initializing Coyote HTTP/1.1 on http-8080
abr 09, 2016 2:59:10 AM org.apache.catalina.startup.Catalina load
INFORMAZIONI: Initialization processed in 1003 ms
abr 09, 2016 2:59:10 AM org.apache.catalina.core.StandardService start
INFORMAZIONI: Starting service Catalina
abr 09, 2016 2:59:10 AM org.apache.catalina.core.StandardEngine start
INFORMAZIONI: Starting Servlet Engine: Apache Tomcat/6.0.45
abr 09, 2016 2:59:10 AM org.apache.catalina.startup.HostConfig deployDescriptor
INFORMAZIONI: Deploying configuration descriptor host-manager.xml
abr 09, 2016 2:59:11 AM org.apache.catalina.startup.HostConfig deployDescriptor
INFORMAZIONI: Deploying configuration descriptor manager.xml
abr 09, 2016 2:59:11 AM org.apache.catalina.startup.HostConfig deployDirectory
INFORMAZIONI: Deploying web application directory docs
abr 09, 2016 2:59:11 AM org.apache.catalina.startup.HostConfig deployDirectory
INFORMAZIONI: Deploying web application directory examples
abr 09, 2016 2:59:12 AM org.apache.catalina.startup.HostConfig deployDirectory
INFORMAZIONI: Deploying web application directory ROOT
abr 09, 2016 2:59:12 AM org.apache.catalina.startup.HostConfig deployDirectory
INFORMAZIONI: Deploying web application directory twilio
abr 09, 2016 2:59:12 AM org.apache.coyote.http11.Http11Protocol start
INFORMAZIONI: Starting Coyote HTTP/1.1 on http-8080
abr 09, 2016 2:59:12 AM org.apache.jk.common.ChannelSocket init
INFORMAZIONI: JK: ajp13 listening on /0.0.0.0:8009
abr 09, 2016 2:59:12 AM org.apache.jk.server.JkMain start
INFORMAZIONI: Jk running ID=0 time=0/37  config=null
abr 09, 2016 2:59:12 AM org.apache.catalina.startup.Catalina start
INFORMAZIONI: Server startup in 1596 ms
abr 09, 2016 3:09:35 AM org.apache.catalina.core.AprLifecycleListener init
INFORMAZIONI: The APR based Apache Tomcat Native library which allows optimal performance in production environments was not found on the java.library.path: C:\Program Files\Java\jdk1.8.0_60\bin;C:\WINDOWS\Sun\Java\bin;C:\WINDOWS\system32;C:\WINDOWS;C:\ProgramData\Oracle\Java\javapath;c:\Program Files (x86)\Intel\iCLS Client\;c:\Program Files\Intel\iCLS Client\;C:\WINDOWS\system32;C:\WINDOWS;C:\WINDOWS\System32\Wbem;C:\WINDOWS\System32\WindowsPowerShell\v1.0\;C:\Program Files\Intel\Intel(R) Management Engine Components\DAL;C:\Program Files\Intel\Intel(R) Management Engine Components\IPT;C:\Program Files (x86)\Intel\Intel(R) Management Engine Components\DAL;C:\Program Files (x86)\Intel\Intel(R) Management Engine Components\IPT;C:\Program Files (x86)\Windows Live\Shared;C:\Program Files\Calibre2\;C:\Program Files\Intel\WiFi\bin\;C:\Program Files\Common Files\Intel\WirelessCommon\;C:\Program Files (x86)\Skype\Phone\;C:\Python33;C:\Programmi\Git\bin;C:\Program Files\ggobi;C:\Program Files (x86)\PuTTY\;%CATALINA_HOME%\bin;C:/Program Files/Java/jdk1.8.0_60/bin;C:\Program Files\Docker Toolbox;.
abr 09, 2016 3:09:35 AM org.apache.coyote.http11.Http11Protocol init
INFORMAZIONI: Initializing Coyote HTTP/1.1 on http-8080
abr 09, 2016 3:09:35 AM org.apache.catalina.startup.Catalina load
INFORMAZIONI: Initialization processed in 1076 ms
abr 09, 2016 3:09:35 AM org.apache.catalina.core.StandardService start
INFORMAZIONI: Starting service Catalina
abr 09, 2016 3:09:35 AM org.apache.catalina.core.StandardEngine start
INFORMAZIONI: Starting Servlet Engine: Apache Tomcat/6.0.45
abr 09, 2016 3:09:35 AM org.apache.catalina.startup.HostConfig deployDescriptor
INFORMAZIONI: Deploying configuration descriptor host-manager.xml
abr 09, 2016 3:09:36 AM org.apache.catalina.startup.HostConfig deployDescriptor
INFORMAZIONI: Deploying configuration descriptor manager.xml
abr 09, 2016 3:09:36 AM org.apache.catalina.startup.HostConfig deployDirectory
INFORMAZIONI: Deploying web application directory docs
abr 09, 2016 3:09:36 AM org.apache.catalina.startup.HostConfig deployDirectory
INFORMAZIONI: Deploying web application directory examples
abr 09, 2016 3:09:37 AM org.apache.catalina.startup.HostConfig deployDirectory
INFORMAZIONI: Deploying web application directory ROOT
abr 09, 2016 3:09:37 AM org.apache.catalina.startup.HostConfig deployDirectory
INFORMAZIONI: Deploying web application directory twilio
abr 09, 2016 3:09:37 AM org.apache.coyote.http11.Http11Protocol start
INFORMAZIONI: Starting Coyote HTTP/1.1 on http-8080
abr 09, 2016 3:09:37 AM org.apache.jk.common.ChannelSocket init
INFORMAZIONI: JK: ajp13 listening on /0.0.0.0:8009
abr 09, 2016 3:09:37 AM org.apache.jk.server.JkMain start
INFORMAZIONI: Jk running ID=0 time=0/45  config=null
abr 09, 2016 3:09:37 AM org.apache.catalina.startup.Catalina start
INFORMAZIONI: Server startup in 1755 ms
abr 09, 2016 3:12:10 AM org.apache.catalina.core.AprLifecycleListener init
INFORMAZIONI: The APR based Apache Tomcat Native library which allows optimal performance in production environments was not found on the java.library.path: C:\Program Files\Java\jdk1.8.0_60\bin;C:\WINDOWS\Sun\Java\bin;C:\WINDOWS\system32;C:\WINDOWS;C:\ProgramData\Oracle\Java\javapath;c:\Program Files (x86)\Intel\iCLS Client\;c:\Program Files\Intel\iCLS Client\;C:\WINDOWS\system32;C:\WINDOWS;C:\WINDOWS\System32\Wbem;C:\WINDOWS\System32\WindowsPowerShell\v1.0\;C:\Program Files\Intel\Intel(R) Management Engine Components\DAL;C:\Program Files\Intel\Intel(R) Management Engine Components\IPT;C:\Program Files (x86)\Intel\Intel(R) Management Engine Components\DAL;C:\Program Files (x86)\Intel\Intel(R) Management Engine Components\IPT;C:\Program Files (x86)\Windows Live\Shared;C:\Program Files\Calibre2\;C:\Program Files\Intel\WiFi\bin\;C:\Program Files\Common Files\Intel\WirelessCommon\;C:\Program Files (x86)\Skype\Phone\;C:\Python33;C:\Programmi\Git\bin;C:\Program Files\ggobi;C:\Program Files (x86)\PuTTY\;%CATALINA_HOME%\bin;C:/Program Files/Java/jdk1.8.0_60/bin;C:\Program Files\Docker Toolbox;.
abr 09, 2016 3:12:11 AM org.apache.coyote.http11.Http11Protocol init
INFORMAZIONI: Initializing Coyote HTTP/1.1 on http-8080
abr 09, 2016 3:12:11 AM org.apache.catalina.startup.Catalina load
INFORMAZIONI: Initialization processed in 1057 ms
abr 09, 2016 3:12:11 AM org.apache.catalina.core.StandardService start
INFORMAZIONI: Starting service Catalina
abr 09, 2016 3:12:11 AM org.apache.catalina.core.StandardEngine start
INFORMAZIONI: Starting Servlet Engine: Apache Tomcat/6.0.45
abr 09, 2016 3:12:11 AM org.apache.catalina.startup.HostConfig deployDescriptor
INFORMAZIONI: Deploying configuration descriptor host-manager.xml
abr 09, 2016 3:12:11 AM org.apache.catalina.startup.HostConfig deployDescriptor
INFORMAZIONI: Deploying configuration descriptor manager.xml
abr 09, 2016 3:12:11 AM org.apache.catalina.startup.HostConfig deployDirectory
INFORMAZIONI: Deploying web application directory docs
abr 09, 2016 3:12:12 AM org.apache.catalina.startup.HostConfig deployDirectory
INFORMAZIONI: Deploying web application directory examples
abr 09, 2016 3:12:12 AM org.apache.catalina.startup.HostConfig deployDirectory
INFORMAZIONI: Deploying web application directory ROOT
abr 09, 2016 3:12:12 AM org.apache.catalina.startup.HostConfig deployDirectory
INFORMAZIONI: Deploying web application directory twilio
abr 09, 2016 3:12:12 AM org.apache.coyote.http11.Http11Protocol start
INFORMAZIONI: Starting Coyote HTTP/1.1 on http-8080
abr 09, 2016 3:12:12 AM org.apache.jk.common.ChannelSocket init
INFORMAZIONI: JK: ajp13 listening on /0.0.0.0:8009
abr 09, 2016 3:12:12 AM org.apache.jk.server.JkMain start
INFORMAZIONI: Jk running ID=0 time=0/45  config=null
abr 09, 2016 3:12:12 AM org.apache.catalina.startup.Catalina start
INFORMAZIONI: Server startup in 1659 ms
abr 09, 2016 3:20:43 AM org.apache.catalina.startup.HostConfig checkResources
INFORMAZIONI: Reloading context [/twilio]
abr 09, 2016 3:36:37 AM org.apache.catalina.core.AprLifecycleListener init
INFORMAZIONI: The APR based Apache Tomcat Native library which allows optimal performance in production environments was not found on the java.library.path: C:\Program Files\Java\jdk1.8.0_60\bin;C:\WINDOWS\Sun\Java\bin;C:\WINDOWS\system32;C:\WINDOWS;C:\ProgramData\Oracle\Java\javapath;c:\Program Files (x86)\Intel\iCLS Client\;c:\Program Files\Intel\iCLS Client\;C:\WINDOWS\system32;C:\WINDOWS;C:\WINDOWS\System32\Wbem;C:\WINDOWS\System32\WindowsPowerShell\v1.0\;C:\Program Files\Intel\Intel(R) Management Engine Components\DAL;C:\Program Files\Intel\Intel(R) Management Engine Components\IPT;C:\Program Files (x86)\Intel\Intel(R) Management Engine Components\DAL;C:\Program Files (x86)\Intel\Intel(R) Management Engine Components\IPT;C:\Program Files (x86)\Windows Live\Shared;C:\Program Files\Calibre2\;C:\Program Files\Intel\WiFi\bin\;C:\Program Files\Common Files\Intel\WirelessCommon\;C:\Program Files (x86)\Skype\Phone\;C:\Python33;C:\Programmi\Git\bin;C:\Program Files\ggobi;C:\Program Files (x86)\PuTTY\;%CATALINA_HOME%\bin;C:/Program Files/Java/jdk1.8.0_60/bin;C:\Program Files\Docker Toolbox;.
abr 09, 2016 3:36:38 AM org.apache.coyote.http11.Http11Protocol init
INFORMAZIONI: Initializing Coyote HTTP/1.1 on http-8080
abr 09, 2016 3:36:38 AM org.apache.catalina.startup.Catalina load
INFORMAZIONI: Initialization processed in 1080 ms
abr 09, 2016 3:36:38 AM org.apache.catalina.core.StandardService start
INFORMAZIONI: Starting service Catalina
abr 09, 2016 3:36:38 AM org.apache.catalina.core.StandardEngine start
INFORMAZIONI: Starting Servlet Engine: Apache Tomcat/6.0.45
abr 09, 2016 3:36:38 AM org.apache.catalina.startup.HostConfig deployDescriptor
INFORMAZIONI: Deploying configuration descriptor host-manager.xml
abr 09, 2016 3:36:38 AM org.apache.catalina.startup.HostConfig deployDescriptor
INFORMAZIONI: Deploying configuration descriptor manager.xml
abr 09, 2016 3:36:39 AM org.apache.catalina.startup.HostConfig deployDirectory
INFORMAZIONI: Deploying web application directory docs
abr 09, 2016 3:36:39 AM org.apache.catalina.startup.HostConfig deployDirectory
INFORMAZIONI: Deploying web application directory examples
abr 09, 2016 3:36:39 AM org.apache.catalina.startup.HostConfig deployDirectory
INFORMAZIONI: Deploying web application directory ROOT
abr 09, 2016 3:36:39 AM org.apache.catalina.startup.HostConfig deployDirectory
INFORMAZIONI: Deploying web application directory twilio
abr 09, 2016 3:36:39 AM org.apache.coyote.http11.Http11Protocol start
INFORMAZIONI: Starting Coyote HTTP/1.1 on http-8080
abr 09, 2016 3:36:39 AM org.apache.jk.common.ChannelSocket init
INFORMAZIONI: JK: ajp13 listening on /0.0.0.0:8009
abr 09, 2016 3:36:39 AM org.apache.jk.server.JkMain start
INFORMAZIONI: Jk running ID=0 time=0/44  config=null
abr 09, 2016 3:36:39 AM org.apache.catalina.startup.Catalina start
INFORMAZIONI: Server startup in 1622 ms
abr 09, 2016 3:41:18 AM org.apache.catalina.core.AprLifecycleListener init
INFORMAZIONI: The APR based Apache Tomcat Native library which allows optimal performance in production environments was not found on the java.library.path: C:\Program Files\Java\jdk1.8.0_60\bin;C:\WINDOWS\Sun\Java\bin;C:\WINDOWS\system32;C:\WINDOWS;C:\ProgramData\Oracle\Java\javapath;c:\Program Files (x86)\Intel\iCLS Client\;c:\Program Files\Intel\iCLS Client\;C:\WINDOWS\system32;C:\WINDOWS;C:\WINDOWS\System32\Wbem;C:\WINDOWS\System32\WindowsPowerShell\v1.0\;C:\Program Files\Intel\Intel(R) Management Engine Components\DAL;C:\Program Files\Intel\Intel(R) Management Engine Components\IPT;C:\Program Files (x86)\Intel\Intel(R) Management Engine Components\DAL;C:\Program Files (x86)\Intel\Intel(R) Management Engine Components\IPT;C:\Program Files (x86)\Windows Live\Shared;C:\Program Files\Calibre2\;C:\Program Files\Intel\WiFi\bin\;C:\Program Files\Common Files\Intel\WirelessCommon\;C:\Program Files (x86)\Skype\Phone\;C:\Python33;C:\Programmi\Git\bin;C:\Program Files\ggobi;C:\Program Files (x86)\PuTTY\;%CATALINA_HOME%\bin;C:/Program Files/Java/jdk1.8.0_60/bin;C:\Program Files\Docker Toolbox;.
abr 09, 2016 3:41:18 AM org.apache.coyote.http11.Http11Protocol init
INFORMAZIONI: Initializing Coyote HTTP/1.1 on http-8080
abr 09, 2016 3:41:18 AM org.apache.catalina.startup.Catalina load
INFORMAZIONI: Initialization processed in 1166 ms
abr 09, 2016 3:41:18 AM org.apache.catalina.core.StandardService start
INFORMAZIONI: Starting service Catalina
abr 09, 2016 3:41:18 AM org.apache.catalina.core.StandardEngine start
INFORMAZIONI: Starting Servlet Engine: Apache Tomcat/6.0.45
abr 09, 2016 3:41:18 AM org.apache.catalina.startup.HostConfig deployDescriptor
INFORMAZIONI: Deploying configuration descriptor host-manager.xml
abr 09, 2016 3:41:19 AM org.apache.catalina.startup.HostConfig deployDescriptor
INFORMAZIONI: Deploying configuration descriptor manager.xml
abr 09, 2016 3:41:19 AM org.apache.catalina.startup.HostConfig deployDirectory
INFORMAZIONI: Deploying web application directory docs
abr 09, 2016 3:41:19 AM org.apache.catalina.startup.HostConfig deployDirectory
INFORMAZIONI: Deploying web application directory examples
abr 09, 2016 3:41:20 AM org.apache.catalina.startup.HostConfig deployDirectory
INFORMAZIONI: Deploying web application directory ROOT
abr 09, 2016 3:41:20 AM org.apache.catalina.startup.HostConfig deployDirectory
INFORMAZIONI: Deploying web application directory twilio
abr 09, 2016 3:41:20 AM org.apache.coyote.http11.Http11Protocol start
INFORMAZIONI: Starting Coyote HTTP/1.1 on http-8080
abr 09, 2016 3:41:20 AM org.apache.jk.common.ChannelSocket init
INFORMAZIONI: JK: ajp13 listening on /0.0.0.0:8009
abr 09, 2016 3:41:20 AM org.apache.jk.server.JkMain start
INFORMAZIONI: Jk running ID=0 time=0/51  config=null
abr 09, 2016 3:41:20 AM org.apache.catalina.startup.Catalina start
INFORMAZIONI: Server startup in 1626 ms
abr 09, 2016 4:45:49 AM org.apache.catalina.core.AprLifecycleListener init
INFORMAZIONI: The APR based Apache Tomcat Native library which allows optimal performance in production environments was not found on the java.library.path: C:\Program Files\Java\jdk1.8.0_60\bin;C:\WINDOWS\Sun\Java\bin;C:\WINDOWS\system32;C:\WINDOWS;C:\ProgramData\Oracle\Java\javapath;c:\Program Files (x86)\Intel\iCLS Client\;c:\Program Files\Intel\iCLS Client\;C:\WINDOWS\system32;C:\WINDOWS;C:\WINDOWS\System32\Wbem;C:\WINDOWS\System32\WindowsPowerShell\v1.0\;C:\Program Files\Intel\Intel(R) Management Engine Components\DAL;C:\Program Files\Intel\Intel(R) Management Engine Components\IPT;C:\Program Files (x86)\Intel\Intel(R) Management Engine Components\DAL;C:\Program Files (x86)\Intel\Intel(R) Management Engine Components\IPT;C:\Program Files (x86)\Windows Live\Shared;C:\Program Files\Calibre2\;C:\Program Files\Intel\WiFi\bin\;C:\Program Files\Common Files\Intel\WirelessCommon\;C:\Program Files (x86)\Skype\Phone\;C:\Python33;C:\Programmi\Git\bin;C:\Program Files\ggobi;C:\Program Files (x86)\PuTTY\;%CATALINA_HOME%\bin;C:/Program Files/Java/jdk1.8.0_60/bin;C:\Program Files\Docker Toolbox;.
abr 09, 2016 4:45:49 AM org.apache.coyote.http11.Http11Protocol init
INFORMAZIONI: Initializing Coyote HTTP/1.1 on http-8080
abr 09, 2016 4:45:49 AM org.apache.catalina.startup.Catalina load
INFORMAZIONI: Initialization processed in 1032 ms
abr 09, 2016 4:45:49 AM org.apache.catalina.core.StandardService start
INFORMAZIONI: Starting service Catalina
abr 09, 2016 4:45:49 AM org.apache.catalina.core.StandardEngine start
INFORMAZIONI: Starting Servlet Engine: Apache Tomcat/6.0.45
abr 09, 2016 4:45:50 AM org.apache.catalina.startup.HostConfig deployDescriptor
INFORMAZIONI: Deploying configuration descriptor host-manager.xml
abr 09, 2016 4:45:50 AM org.apache.catalina.startup.HostConfig deployDescriptor
INFORMAZIONI: Deploying configuration descriptor manager.xml
abr 09, 2016 4:45:50 AM org.apache.catalina.startup.HostConfig deployDirectory
INFORMAZIONI: Deploying web application directory docs
abr 09, 2016 4:45:50 AM org.apache.catalina.startup.HostConfig deployDirectory
INFORMAZIONI: Deploying web application directory examples
abr 09, 2016 4:45:51 AM org.apache.catalina.startup.HostConfig deployDirectory
INFORMAZIONI: Deploying web application directory ROOT
abr 09, 2016 4:45:51 AM org.apache.catalina.startup.HostConfig deployDirectory
INFORMAZIONI: Deploying web application directory twilio
abr 09, 2016 4:45:51 AM org.apache.coyote.http11.Http11Protocol start
INFORMAZIONI: Starting Coyote HTTP/1.1 on http-8080
abr 09, 2016 4:45:51 AM org.apache.jk.common.ChannelSocket init
INFORMAZIONI: JK: ajp13 listening on /0.0.0.0:8009
abr 09, 2016 4:45:51 AM org.apache.jk.server.JkMain start
INFORMAZIONI: Jk running ID=0 time=0/39  config=null
abr 09, 2016 4:45:51 AM org.apache.catalina.startup.Catalina start
INFORMAZIONI: Server startup in 1640 ms
abr 09, 2016 5:00:56 AM org.apache.catalina.core.AprLifecycleListener init
INFORMAZIONI: The APR based Apache Tomcat Native library which allows optimal performance in production environments was not found on the java.library.path: C:\Program Files\Java\jdk1.8.0_60\bin;C:\WINDOWS\Sun\Java\bin;C:\WINDOWS\system32;C:\WINDOWS;C:\ProgramData\Oracle\Java\javapath;c:\Program Files (x86)\Intel\iCLS Client\;c:\Program Files\Intel\iCLS Client\;C:\WINDOWS\system32;C:\WINDOWS;C:\WINDOWS\System32\Wbem;C:\WINDOWS\System32\WindowsPowerShell\v1.0\;C:\Program Files\Intel\Intel(R) Management Engine Components\DAL;C:\Program Files\Intel\Intel(R) Management Engine Components\IPT;C:\Program Files (x86)\Intel\Intel(R) Management Engine Components\DAL;C:\Program Files (x86)\Intel\Intel(R) Management Engine Components\IPT;C:\Program Files (x86)\Windows Live\Shared;C:\Program Files\Calibre2\;C:\Program Files\Intel\WiFi\bin\;C:\Program Files\Common Files\Intel\WirelessCommon\;C:\Program Files (x86)\Skype\Phone\;C:\Python33;C:\Programmi\Git\bin;C:\Program Files\ggobi;C:\Program Files (x86)\PuTTY\;%CATALINA_HOME%\bin;C:/Program Files/Java/jdk1.8.0_60/bin;C:\Program Files\Docker Toolbox;.
abr 09, 2016 5:00:57 AM org.apache.coyote.http11.Http11Protocol init
GRAVE: Error initializing endpoint
java.net.BindException: Address already in use: JVM_Bind <null>:8080
	at org.apache.tomcat.util.net.JIoEndpoint.init(JIoEndpoint.java:563)
	at org.apache.coyote.http11.Http11Protocol.init(Http11Protocol.java:181)
	at org.apache.catalina.connector.Connector.initialize(Connector.java:1141)
	at org.apache.catalina.core.StandardService.initialize(StandardService.java:703)
	at org.apache.catalina.core.StandardServer.initialize(StandardServer.java:843)
	at org.apache.catalina.startup.Catalina.load(Catalina.java:538)
	at org.apache.catalina.startup.Catalina.load(Catalina.java:562)
	at sun.reflect.NativeMethodAccessorImpl.invoke0(Native Method)
	at sun.reflect.NativeMethodAccessorImpl.invoke(NativeMethodAccessorImpl.java:62)
	at sun.reflect.DelegatingMethodAccessorImpl.invoke(DelegatingMethodAccessorImpl.java:43)
	at java.lang.reflect.Method.invoke(Method.java:497)
	at org.apache.catalina.startup.Bootstrap.load(Bootstrap.java:261)
	at org.apache.catalina.startup.Bootstrap.main(Bootstrap.java:413)
Caused by: java.net.BindException: Address already in use: JVM_Bind
	at java.net.DualStackPlainSocketImpl.bind0(Native Method)
	at java.net.DualStackPlainSocketImpl.socketBind(DualStackPlainSocketImpl.java:106)
	at java.net.AbstractPlainSocketImpl.bind(AbstractPlainSocketImpl.java:387)
	at java.net.PlainSocketImpl.bind(PlainSocketImpl.java:190)
	at java.net.ServerSocket.bind(ServerSocket.java:375)
	at java.net.ServerSocket.<init>(ServerSocket.java:237)
	at java.net.ServerSocket.<init>(ServerSocket.java:181)
	at org.apache.tomcat.util.net.DefaultServerSocketFactory.createSocket(DefaultServerSocketFactory.java:50)
	at org.apache.tomcat.util.net.JIoEndpoint.init(JIoEndpoint.java:552)
	... 12 more

abr 09, 2016 5:00:57 AM org.apache.catalina.core.StandardService initialize
GRAVE: Failed to initialize connector [Connector[HTTP/1.1-8080]]
LifecycleException:  Protocol handler initialization failed: java.net.BindException: Address already in use: JVM_Bind <null>:8080
	at org.apache.catalina.connector.Connector.initialize(Connector.java:1143)
	at org.apache.catalina.core.StandardService.initialize(StandardService.java:703)
	at org.apache.catalina.core.StandardServer.initialize(StandardServer.java:843)
	at org.apache.catalina.startup.Catalina.load(Catalina.java:538)
	at org.apache.catalina.startup.Catalina.load(Catalina.java:562)
	at sun.reflect.NativeMethodAccessorImpl.invoke0(Native Method)
	at sun.reflect.NativeMethodAccessorImpl.invoke(NativeMethodAccessorImpl.java:62)
	at sun.reflect.DelegatingMethodAccessorImpl.invoke(DelegatingMethodAccessorImpl.java:43)
	at java.lang.reflect.Method.invoke(Method.java:497)
	at org.apache.catalina.startup.Bootstrap.load(Bootstrap.java:261)
	at org.apache.catalina.startup.Bootstrap.main(Bootstrap.java:413)

abr 09, 2016 5:00:57 AM org.apache.catalina.startup.Catalina load
INFORMAZIONI: Initialization processed in 1045 ms
abr 09, 2016 5:00:57 AM org.apache.catalina.core.StandardService start
INFORMAZIONI: Starting service Catalina
abr 09, 2016 5:00:57 AM org.apache.catalina.core.StandardEngine start
INFORMAZIONI: Starting Servlet Engine: Apache Tomcat/6.0.45
abr 09, 2016 5:00:57 AM org.apache.catalina.startup.HostConfig deployDescriptor
INFORMAZIONI: Deploying configuration descriptor host-manager.xml
abr 09, 2016 5:00:57 AM org.apache.catalina.startup.HostConfig deployDescriptor
INFORMAZIONI: Deploying configuration descriptor manager.xml
abr 09, 2016 5:00:57 AM org.apache.catalina.startup.HostConfig deployDirectory
INFORMAZIONI: Deploying web application directory docs
abr 09, 2016 5:00:57 AM org.apache.catalina.startup.HostConfig deployDirectory
INFORMAZIONI: Deploying web application directory examples
abr 09, 2016 5:00:58 AM org.apache.catalina.startup.HostConfig deployDirectory
INFORMAZIONI: Deploying web application directory ROOT
abr 09, 2016 5:00:58 AM org.apache.catalina.startup.HostConfig deployDirectory
INFORMAZIONI: Deploying web application directory twilio
abr 09, 2016 5:00:58 AM org.apache.coyote.http11.Http11Protocol start
GRAVE: Error starting endpoint
java.net.BindException: Address already in use: JVM_Bind <null>:8080
	at org.apache.tomcat.util.net.JIoEndpoint.init(JIoEndpoint.java:563)
	at org.apache.tomcat.util.net.JIoEndpoint.start(JIoEndpoint.java:579)
	at org.apache.coyote.http11.Http11Protocol.start(Http11Protocol.java:208)
	at org.apache.catalina.connector.Connector.start(Connector.java:1220)
	at org.apache.catalina.core.StandardService.start(StandardService.java:540)
	at org.apache.catalina.core.StandardServer.start(StandardServer.java:759)
	at org.apache.catalina.startup.Catalina.start(Catalina.java:595)
	at sun.reflect.NativeMethodAccessorImpl.invoke0(Native Method)
	at sun.reflect.NativeMethodAccessorImpl.invoke(NativeMethodAccessorImpl.java:62)
	at sun.reflect.DelegatingMethodAccessorImpl.invoke(DelegatingMethodAccessorImpl.java:43)
	at java.lang.reflect.Method.invoke(Method.java:497)
	at org.apache.catalina.startup.Bootstrap.start(Bootstrap.java:289)
	at org.apache.catalina.startup.Bootstrap.main(Bootstrap.java:414)
Caused by: java.net.BindException: Address already in use: JVM_Bind
	at java.net.DualStackPlainSocketImpl.bind0(Native Method)
	at java.net.DualStackPlainSocketImpl.socketBind(DualStackPlainSocketImpl.java:106)
	at java.net.AbstractPlainSocketImpl.bind(AbstractPlainSocketImpl.java:387)
	at java.net.PlainSocketImpl.bind(PlainSocketImpl.java:190)
	at java.net.ServerSocket.bind(ServerSocket.java:375)
	at java.net.ServerSocket.<init>(ServerSocket.java:237)
	at java.net.ServerSocket.<init>(ServerSocket.java:181)
	at org.apache.tomcat.util.net.DefaultServerSocketFactory.createSocket(DefaultServerSocketFactory.java:50)
	at org.apache.tomcat.util.net.JIoEndpoint.init(JIoEndpoint.java:552)
	... 12 more

abr 09, 2016 5:00:58 AM org.apache.catalina.core.StandardService start
GRAVE: Failed to start connector [Connector[HTTP/1.1-8080]]
LifecycleException:  service.getName(): "Catalina";  Protocol handler start failed: java.net.BindException: Address already in use: JVM_Bind <null>:8080
	at org.apache.catalina.connector.Connector.start(Connector.java:1227)
	at org.apache.catalina.core.StandardService.start(StandardService.java:540)
	at org.apache.catalina.core.StandardServer.start(StandardServer.java:759)
	at org.apache.catalina.startup.Catalina.start(Catalina.java:595)
	at sun.reflect.NativeMethodAccessorImpl.invoke0(Native Method)
	at sun.reflect.NativeMethodAccessorImpl.invoke(NativeMethodAccessorImpl.java:62)
	at sun.reflect.DelegatingMethodAccessorImpl.invoke(DelegatingMethodAccessorImpl.java:43)
	at java.lang.reflect.Method.invoke(Method.java:497)
	at org.apache.catalina.startup.Bootstrap.start(Bootstrap.java:289)
	at org.apache.catalina.startup.Bootstrap.main(Bootstrap.java:414)

abr 09, 2016 5:00:58 AM org.apache.jk.common.ChannelSocket init
INFORMAZIONI: Port busy 8009 java.net.BindException: Address already in use: JVM_Bind
abr 09, 2016 5:00:58 AM org.apache.jk.common.ChannelSocket init
GRAVE: Can't find free port 8009 8009
abr 09, 2016 5:00:58 AM org.apache.jk.server.JkMain start
INFORMAZIONI: Jk running ID=0 time=0/28  config=null
abr 09, 2016 5:00:58 AM org.apache.catalina.startup.Catalina start
INFORMAZIONI: Server startup in 1565 ms
abr 09, 2016 5:00:58 AM org.apache.catalina.core.StandardServer await
GRAVE: StandardServer.await: create[8005]: 
java.net.BindException: Address already in use: JVM_Bind
	at java.net.DualStackPlainSocketImpl.bind0(Native Method)
	at java.net.DualStackPlainSocketImpl.socketBind(DualStackPlainSocketImpl.java:106)
	at java.net.AbstractPlainSocketImpl.bind(AbstractPlainSocketImpl.java:387)
	at java.net.PlainSocketImpl.bind(PlainSocketImpl.java:190)
	at java.net.ServerSocket.bind(ServerSocket.java:375)
	at java.net.ServerSocket.<init>(ServerSocket.java:237)
	at org.apache.catalina.core.StandardServer.await(StandardServer.java:404)
	at org.apache.catalina.startup.Catalina.await(Catalina.java:676)
	at org.apache.catalina.startup.Catalina.start(Catalina.java:628)
	at sun.reflect.NativeMethodAccessorImpl.invoke0(Native Method)
	at sun.reflect.NativeMethodAccessorImpl.invoke(NativeMethodAccessorImpl.java:62)
	at sun.reflect.DelegatingMethodAccessorImpl.invoke(DelegatingMethodAccessorImpl.java:43)
	at java.lang.reflect.Method.invoke(Method.java:497)
	at org.apache.catalina.startup.Bootstrap.start(Bootstrap.java:289)
	at org.apache.catalina.startup.Bootstrap.main(Bootstrap.java:414)

abr 09, 2016 5:00:58 AM org.apache.coyote.http11.Http11Protocol pause
INFORMAZIONI: Pausing Coyote HTTP/1.1 on http-8080
abr 09, 2016 5:00:59 AM org.apache.catalina.core.StandardService stop
INFORMAZIONI: Stopping service Catalina
abr 09, 2016 5:00:59 AM org.apache.coyote.http11.Http11Protocol destroy
INFORMAZIONI: Stopping Coyote HTTP/1.1 on http-8080
abr 09, 2016 5:01:17 AM org.apache.catalina.core.AprLifecycleListener init
INFORMAZIONI: The APR based Apache Tomcat Native library which allows optimal performance in production environments was not found on the java.library.path: C:\Program Files\Java\jdk1.8.0_60\bin;C:\WINDOWS\Sun\Java\bin;C:\WINDOWS\system32;C:\WINDOWS;C:\ProgramData\Oracle\Java\javapath;c:\Program Files (x86)\Intel\iCLS Client\;c:\Program Files\Intel\iCLS Client\;C:\WINDOWS\system32;C:\WINDOWS;C:\WINDOWS\System32\Wbem;C:\WINDOWS\System32\WindowsPowerShell\v1.0\;C:\Program Files\Intel\Intel(R) Management Engine Components\DAL;C:\Program Files\Intel\Intel(R) Management Engine Components\IPT;C:\Program Files (x86)\Intel\Intel(R) Management Engine Components\DAL;C:\Program Files (x86)\Intel\Intel(R) Management Engine Components\IPT;C:\Program Files (x86)\Windows Live\Shared;C:\Program Files\Calibre2\;C:\Program Files\Intel\WiFi\bin\;C:\Program Files\Common Files\Intel\WirelessCommon\;C:\Program Files (x86)\Skype\Phone\;C:\Python33;C:\Programmi\Git\bin;C:\Program Files\ggobi;C:\Program Files (x86)\PuTTY\;%CATALINA_HOME%\bin;C:/Program Files/Java/jdk1.8.0_60/bin;C:\Program Files\Docker Toolbox;.
abr 09, 2016 5:01:17 AM org.apache.coyote.http11.Http11Protocol init
INFORMAZIONI: Initializing Coyote HTTP/1.1 on http-8080
abr 09, 2016 5:01:17 AM org.apache.catalina.startup.Catalina load
INFORMAZIONI: Initialization processed in 1043 ms
abr 09, 2016 5:01:17 AM org.apache.catalina.core.StandardService start
INFORMAZIONI: Starting service Catalina
abr 09, 2016 5:01:17 AM org.apache.catalina.core.StandardEngine start
INFORMAZIONI: Starting Servlet Engine: Apache Tomcat/6.0.45
abr 09, 2016 5:01:17 AM org.apache.catalina.startup.HostConfig deployDescriptor
INFORMAZIONI: Deploying configuration descriptor host-manager.xml
abr 09, 2016 5:01:18 AM org.apache.catalina.startup.HostConfig deployDescriptor
INFORMAZIONI: Deploying configuration descriptor manager.xml
abr 09, 2016 5:01:18 AM org.apache.catalina.startup.HostConfig deployDirectory
INFORMAZIONI: Deploying web application directory docs
abr 09, 2016 5:01:18 AM org.apache.catalina.startup.HostConfig deployDirectory
INFORMAZIONI: Deploying web application directory examples
abr 09, 2016 5:01:18 AM org.apache.catalina.startup.HostConfig deployDirectory
INFORMAZIONI: Deploying web application directory ROOT
abr 09, 2016 5:01:18 AM org.apache.catalina.startup.HostConfig deployDirectory
INFORMAZIONI: Deploying web application directory twilio
abr 09, 2016 5:01:19 AM org.apache.coyote.http11.Http11Protocol start
INFORMAZIONI: Starting Coyote HTTP/1.1 on http-8080
abr 09, 2016 5:01:19 AM org.apache.jk.common.ChannelSocket init
INFORMAZIONI: JK: ajp13 listening on /0.0.0.0:8009
abr 09, 2016 5:01:19 AM org.apache.jk.server.JkMain start
INFORMAZIONI: Jk running ID=0 time=1/40  config=null
abr 09, 2016 5:01:19 AM org.apache.catalina.startup.Catalina start
INFORMAZIONI: Server startup in 1571 ms
