abr 09, 2016 12:32:47 AM org.apache.catalina.core.ApplicationContext log
INFORMAZIONI: ContextListener: contextInitialized()
abr 09, 2016 12:32:47 AM org.apache.catalina.core.ApplicationContext log
INFORMAZIONI: SessionListener: contextInitialized()
abr 09, 2016 12:33:34 AM org.apache.catalina.core.ApplicationContext log
INFORMAZIONI: Marking servlet HelloWorld as unavailable
abr 09, 2016 12:33:34 AM org.apache.catalina.core.ApplicationContext log
GRAVE: Error loading WebappClassLoader
  context: /twilio
  delegate: false
  repositories:
    /WEB-INF/classes/
----------> Parent Classloader:
org.apache.catalina.loader.StandardClassLoader@4783da3f
 com.twilio.HelloWorld
java.lang.ClassNotFoundException: com.twilio.HelloWorld
	at org.apache.catalina.loader.WebappClassLoader.loadClass(WebappClassLoader.java:1680)
	at org.apache.catalina.loader.WebappClassLoader.loadClass(WebappClassLoader.java:1526)
	at org.apache.catalina.core.StandardWrapper.loadServlet(StandardWrapper.java:1128)
	at org.apache.catalina.core.StandardWrapper.allocate(StandardWrapper.java:827)
	at org.apache.catalina.core.StandardWrapperValve.invoke(StandardWrapperValve.java:129)
	at org.apache.catalina.core.StandardContextValve.invoke(StandardContextValve.java:191)
	at org.apache.catalina.core.StandardHostValve.invoke(StandardHostValve.java:127)
	at org.apache.catalina.valves.ErrorReportValve.invoke(ErrorReportValve.java:103)
	at org.apache.catalina.core.StandardEngineValve.invoke(StandardEngineValve.java:109)
	at org.apache.catalina.connector.CoyoteAdapter.service(CoyoteAdapter.java:293)
	at org.apache.coyote.http11.Http11Processor.process(Http11Processor.java:861)
	at org.apache.coyote.http11.Http11Protocol$Http11ConnectionHandler.process(Http11Protocol.java:612)
	at org.apache.tomcat.util.net.JIoEndpoint$Worker.run(JIoEndpoint.java:503)
	at java.lang.Thread.run(Thread.java:745)

abr 09, 2016 12:33:34 AM org.apache.catalina.core.StandardWrapperValve invoke
GRAVE: Allocate exception for servlet HelloWorld
java.lang.ClassNotFoundException: com.twilio.HelloWorld
	at org.apache.catalina.loader.WebappClassLoader.loadClass(WebappClassLoader.java:1680)
	at org.apache.catalina.loader.WebappClassLoader.loadClass(WebappClassLoader.java:1526)
	at org.apache.catalina.core.StandardWrapper.loadServlet(StandardWrapper.java:1128)
	at org.apache.catalina.core.StandardWrapper.allocate(StandardWrapper.java:827)
	at org.apache.catalina.core.StandardWrapperValve.invoke(StandardWrapperValve.java:129)
	at org.apache.catalina.core.StandardContextValve.invoke(StandardContextValve.java:191)
	at org.apache.catalina.core.StandardHostValve.invoke(StandardHostValve.java:127)
	at org.apache.catalina.valves.ErrorReportValve.invoke(ErrorReportValve.java:103)
	at org.apache.catalina.core.StandardEngineValve.invoke(StandardEngineValve.java:109)
	at org.apache.catalina.connector.CoyoteAdapter.service(CoyoteAdapter.java:293)
	at org.apache.coyote.http11.Http11Processor.process(Http11Processor.java:861)
	at org.apache.coyote.http11.Http11Protocol$Http11ConnectionHandler.process(Http11Protocol.java:612)
	at org.apache.tomcat.util.net.JIoEndpoint$Worker.run(JIoEndpoint.java:503)
	at java.lang.Thread.run(Thread.java:745)

abr 09, 2016 12:36:58 AM org.apache.catalina.core.StandardWrapperValve invoke
INFORMAZIONI: Servlet HelloWorld is currently unavailable
abr 09, 2016 12:37:01 AM org.apache.catalina.core.StandardWrapperValve invoke
INFORMAZIONI: Servlet HelloWorld is currently unavailable
abr 09, 2016 12:37:29 AM org.apache.catalina.core.ApplicationContext log
INFORMAZIONI: ContextListener: contextInitialized()
abr 09, 2016 12:37:29 AM org.apache.catalina.core.ApplicationContext log
INFORMAZIONI: SessionListener: contextInitialized()
abr 09, 2016 1:17:25 AM org.apache.catalina.core.ApplicationContext log
INFORMAZIONI: ContextListener: contextInitialized()
abr 09, 2016 1:17:25 AM org.apache.catalina.core.ApplicationContext log
INFORMAZIONI: SessionListener: contextInitialized()
abr 09, 2016 1:17:50 AM org.apache.catalina.core.ApplicationContext log
INFORMAZIONI: Marking servlet TwilioServlet as unavailable
abr 09, 2016 1:17:50 AM org.apache.catalina.core.ApplicationContext log
GRAVE: Error loading WebappClassLoader
  context: /twilio
  delegate: false
  repositories:
    /WEB-INF/classes/
----------> Parent Classloader:
org.apache.catalina.loader.StandardClassLoader@4783da3f
 com.twilio.TwilioServlet
java.lang.ClassNotFoundException: com.twilio.TwilioServlet
	at org.apache.catalina.loader.WebappClassLoader.loadClass(WebappClassLoader.java:1680)
	at org.apache.catalina.loader.WebappClassLoader.loadClass(WebappClassLoader.java:1526)
	at org.apache.catalina.core.StandardWrapper.loadServlet(StandardWrapper.java:1128)
	at org.apache.catalina.core.StandardWrapper.allocate(StandardWrapper.java:827)
	at org.apache.catalina.core.StandardWrapperValve.invoke(StandardWrapperValve.java:129)
	at org.apache.catalina.core.StandardContextValve.invoke(StandardContextValve.java:191)
	at org.apache.catalina.core.StandardHostValve.invoke(StandardHostValve.java:127)
	at org.apache.catalina.valves.ErrorReportValve.invoke(ErrorReportValve.java:103)
	at org.apache.catalina.core.StandardEngineValve.invoke(StandardEngineValve.java:109)
	at org.apache.catalina.connector.CoyoteAdapter.service(CoyoteAdapter.java:293)
	at org.apache.coyote.http11.Http11Processor.process(Http11Processor.java:861)
	at org.apache.coyote.http11.Http11Protocol$Http11ConnectionHandler.process(Http11Protocol.java:612)
	at org.apache.tomcat.util.net.JIoEndpoint$Worker.run(JIoEndpoint.java:503)
	at java.lang.Thread.run(Thread.java:745)

abr 09, 2016 1:17:50 AM org.apache.catalina.core.StandardWrapperValve invoke
GRAVE: Allocate exception for servlet TwilioServlet
java.lang.ClassNotFoundException: com.twilio.TwilioServlet
	at org.apache.catalina.loader.WebappClassLoader.loadClass(WebappClassLoader.java:1680)
	at org.apache.catalina.loader.WebappClassLoader.loadClass(WebappClassLoader.java:1526)
	at org.apache.catalina.core.StandardWrapper.loadServlet(StandardWrapper.java:1128)
	at org.apache.catalina.core.StandardWrapper.allocate(StandardWrapper.java:827)
	at org.apache.catalina.core.StandardWrapperValve.invoke(StandardWrapperValve.java:129)
	at org.apache.catalina.core.StandardContextValve.invoke(StandardContextValve.java:191)
	at org.apache.catalina.core.StandardHostValve.invoke(StandardHostValve.java:127)
	at org.apache.catalina.valves.ErrorReportValve.invoke(ErrorReportValve.java:103)
	at org.apache.catalina.core.StandardEngineValve.invoke(StandardEngineValve.java:109)
	at org.apache.catalina.connector.CoyoteAdapter.service(CoyoteAdapter.java:293)
	at org.apache.coyote.http11.Http11Processor.process(Http11Processor.java:861)
	at org.apache.coyote.http11.Http11Protocol$Http11ConnectionHandler.process(Http11Protocol.java:612)
	at org.apache.tomcat.util.net.JIoEndpoint$Worker.run(JIoEndpoint.java:503)
	at java.lang.Thread.run(Thread.java:745)

abr 09, 2016 1:45:27 AM org.apache.catalina.core.ApplicationContext log
INFORMAZIONI: ContextListener: contextInitialized()
abr 09, 2016 1:45:27 AM org.apache.catalina.core.ApplicationContext log
INFORMAZIONI: SessionListener: contextInitialized()
abr 09, 2016 2:51:55 AM org.apache.catalina.core.ApplicationContext log
INFORMAZIONI: ContextListener: contextInitialized()
abr 09, 2016 2:51:55 AM org.apache.catalina.core.ApplicationContext log
INFORMAZIONI: SessionListener: contextInitialized()
abr 09, 2016 2:59:12 AM org.apache.catalina.core.ApplicationContext log
INFORMAZIONI: ContextListener: contextInitialized()
abr 09, 2016 2:59:12 AM org.apache.catalina.core.ApplicationContext log
INFORMAZIONI: SessionListener: contextInitialized()
abr 09, 2016 3:09:37 AM org.apache.catalina.core.ApplicationContext log
INFORMAZIONI: ContextListener: contextInitialized()
abr 09, 2016 3:09:37 AM org.apache.catalina.core.ApplicationContext log
INFORMAZIONI: SessionListener: contextInitialized()
abr 09, 2016 3:12:12 AM org.apache.catalina.core.ApplicationContext log
INFORMAZIONI: ContextListener: contextInitialized()
abr 09, 2016 3:12:12 AM org.apache.catalina.core.ApplicationContext log
INFORMAZIONI: SessionListener: contextInitialized()
abr 09, 2016 3:36:39 AM org.apache.catalina.core.ApplicationContext log
INFORMAZIONI: ContextListener: contextInitialized()
abr 09, 2016 3:36:39 AM org.apache.catalina.core.ApplicationContext log
INFORMAZIONI: SessionListener: contextInitialized()
abr 09, 2016 3:41:19 AM org.apache.catalina.core.ApplicationContext log
INFORMAZIONI: ContextListener: contextInitialized()
abr 09, 2016 3:41:19 AM org.apache.catalina.core.ApplicationContext log
INFORMAZIONI: SessionListener: contextInitialized()
abr 09, 2016 4:45:51 AM org.apache.catalina.core.ApplicationContext log
INFORMAZIONI: ContextListener: contextInitialized()
abr 09, 2016 4:45:51 AM org.apache.catalina.core.ApplicationContext log
INFORMAZIONI: SessionListener: contextInitialized()
abr 09, 2016 5:00:58 AM org.apache.catalina.core.ApplicationContext log
INFORMAZIONI: ContextListener: contextInitialized()
abr 09, 2016 5:00:58 AM org.apache.catalina.core.ApplicationContext log
INFORMAZIONI: SessionListener: contextInitialized()
abr 09, 2016 5:00:59 AM org.apache.catalina.core.ApplicationContext log
INFORMAZIONI: SessionListener: contextDestroyed()
abr 09, 2016 5:00:59 AM org.apache.catalina.core.ApplicationContext log
INFORMAZIONI: ContextListener: contextDestroyed()
abr 09, 2016 5:01:18 AM org.apache.catalina.core.ApplicationContext log
INFORMAZIONI: ContextListener: contextInitialized()
abr 09, 2016 5:01:18 AM org.apache.catalina.core.ApplicationContext log
INFORMAZIONI: SessionListener: contextInitialized()
abr 09, 2016 8:34:04 AM org.apache.catalina.core.ApplicationContext log
INFORMAZIONI: ContextListener: contextInitialized()
abr 09, 2016 8:34:04 AM org.apache.catalina.core.ApplicationContext log
INFORMAZIONI: SessionListener: contextInitialized()
abr 09, 2016 8:42:12 AM org.apache.catalina.core.ApplicationContext log
INFORMAZIONI: SessionListener: contextDestroyed()
abr 09, 2016 8:42:12 AM org.apache.catalina.core.ApplicationContext log
INFORMAZIONI: ContextListener: contextDestroyed()
abr 09, 2016 8:42:51 AM org.apache.catalina.core.ApplicationContext log
INFORMAZIONI: ContextListener: contextInitialized()
abr 09, 2016 8:42:51 AM org.apache.catalina.core.ApplicationContext log
INFORMAZIONI: SessionListener: contextInitialized()
abr 09, 2016 8:50:41 AM org.apache.catalina.core.ApplicationContext log
INFORMAZIONI: SessionListener: contextDestroyed()
abr 09, 2016 8:50:41 AM org.apache.catalina.core.ApplicationContext log
INFORMAZIONI: ContextListener: contextDestroyed()
abr 09, 2016 8:50:58 AM org.apache.catalina.core.ApplicationContext log
INFORMAZIONI: ContextListener: contextInitialized()
abr 09, 2016 8:50:58 AM org.apache.catalina.core.ApplicationContext log
INFORMAZIONI: SessionListener: contextInitialized()
abr 09, 2016 8:53:13 AM org.apache.catalina.core.ApplicationContext log
INFORMAZIONI: ContextListener: contextInitialized()
abr 09, 2016 8:53:13 AM org.apache.catalina.core.ApplicationContext log
INFORMAZIONI: SessionListener: contextInitialized()
abr 09, 2016 8:57:20 AM org.apache.catalina.core.ApplicationContext log
INFORMAZIONI: ContextListener: contextInitialized()
abr 09, 2016 8:57:20 AM org.apache.catalina.core.ApplicationContext log
INFORMAZIONI: SessionListener: contextInitialized()
abr 09, 2016 8:59:50 AM org.apache.catalina.core.ApplicationContext log
INFORMAZIONI: ContextListener: contextInitialized()
abr 09, 2016 8:59:50 AM org.apache.catalina.core.ApplicationContext log
INFORMAZIONI: SessionListener: contextInitialized()
abr 09, 2016 9:01:07 AM org.apache.catalina.core.ApplicationContext log
INFORMAZIONI: ContextListener: contextInitialized()
abr 09, 2016 9:01:07 AM org.apache.catalina.core.ApplicationContext log
INFORMAZIONI: SessionListener: contextInitialized()
abr 09, 2016 9:02:09 AM org.apache.catalina.core.ApplicationContext log
INFORMAZIONI: ContextListener: contextInitialized()
abr 09, 2016 9:02:09 AM org.apache.catalina.core.ApplicationContext log
INFORMAZIONI: SessionListener: contextInitialized()
abr 09, 2016 9:03:53 AM org.apache.catalina.core.ApplicationContext log
INFORMAZIONI: ContextListener: contextInitialized()
abr 09, 2016 9:03:53 AM org.apache.catalina.core.ApplicationContext log
INFORMAZIONI: SessionListener: contextInitialized()
abr 09, 2016 9:16:15 AM org.apache.catalina.core.ApplicationContext log
INFORMAZIONI: ContextListener: contextInitialized()
abr 09, 2016 9:16:15 AM org.apache.catalina.core.ApplicationContext log
INFORMAZIONI: SessionListener: contextInitialized()
abr 09, 2016 9:17:23 AM org.apache.catalina.core.ApplicationContext log
INFORMAZIONI: ContextListener: contextInitialized()
abr 09, 2016 9:17:23 AM org.apache.catalina.core.ApplicationContext log
INFORMAZIONI: SessionListener: contextInitialized()
abr 09, 2016 9:19:12 AM org.apache.catalina.core.ApplicationContext log
INFORMAZIONI: ContextListener: contextInitialized()
abr 09, 2016 9:19:12 AM org.apache.catalina.core.ApplicationContext log
INFORMAZIONI: SessionListener: contextInitialized()
abr 09, 2016 9:19:19 AM org.apache.catalina.core.StandardWrapperValve invoke
GRAVE: Servlet.service() for servlet TwilioServlet threw exception
java.lang.NullPointerException
	at com.twilio.StoryMaker.makeResponse(StoryMaker.java:38)
	at com.twilio.TwilioServlet.service(TwilioServlet.java:36)
	at javax.servlet.http.HttpServlet.service(HttpServlet.java:723)
	at org.apache.catalina.core.ApplicationFilterChain.internalDoFilter(ApplicationFilterChain.java:290)
	at org.apache.catalina.core.ApplicationFilterChain.doFilter(ApplicationFilterChain.java:206)
	at org.apache.catalina.core.StandardWrapperValve.invoke(StandardWrapperValve.java:233)
	at org.apache.catalina.core.StandardContextValve.invoke(StandardContextValve.java:191)
	at org.apache.catalina.core.StandardHostValve.invoke(StandardHostValve.java:127)
	at org.apache.catalina.valves.ErrorReportValve.invoke(ErrorReportValve.java:103)
	at org.apache.catalina.core.StandardEngineValve.invoke(StandardEngineValve.java:109)
	at org.apache.catalina.connector.CoyoteAdapter.service(CoyoteAdapter.java:293)
	at org.apache.coyote.http11.Http11Processor.process(Http11Processor.java:861)
	at org.apache.coyote.http11.Http11Protocol$Http11ConnectionHandler.process(Http11Protocol.java:612)
	at org.apache.tomcat.util.net.JIoEndpoint$Worker.run(JIoEndpoint.java:503)
	at java.lang.Thread.run(Thread.java:745)

abr 09, 2016 9:20:25 AM org.apache.catalina.core.ApplicationContext log
INFORMAZIONI: ContextListener: contextInitialized()
abr 09, 2016 9:20:25 AM org.apache.catalina.core.ApplicationContext log
INFORMAZIONI: SessionListener: contextInitialized()
abr 09, 2016 9:20:29 AM org.apache.catalina.core.StandardWrapperValve invoke
GRAVE: Servlet.service() for servlet TwilioServlet threw exception
java.lang.NullPointerException
	at com.twilio.StoryMaker.makeResponse(StoryMaker.java:38)
	at com.twilio.TwilioServlet.service(TwilioServlet.java:36)
	at javax.servlet.http.HttpServlet.service(HttpServlet.java:723)
	at org.apache.catalina.core.ApplicationFilterChain.internalDoFilter(ApplicationFilterChain.java:290)
	at org.apache.catalina.core.ApplicationFilterChain.doFilter(ApplicationFilterChain.java:206)
	at org.apache.catalina.core.StandardWrapperValve.invoke(StandardWrapperValve.java:233)
	at org.apache.catalina.core.StandardContextValve.invoke(StandardContextValve.java:191)
	at org.apache.catalina.core.StandardHostValve.invoke(StandardHostValve.java:127)
	at org.apache.catalina.valves.ErrorReportValve.invoke(ErrorReportValve.java:103)
	at org.apache.catalina.core.StandardEngineValve.invoke(StandardEngineValve.java:109)
	at org.apache.catalina.connector.CoyoteAdapter.service(CoyoteAdapter.java:293)
	at org.apache.coyote.http11.Http11Processor.process(Http11Processor.java:861)
	at org.apache.coyote.http11.Http11Protocol$Http11ConnectionHandler.process(Http11Protocol.java:612)
	at org.apache.tomcat.util.net.JIoEndpoint$Worker.run(JIoEndpoint.java:503)
	at java.lang.Thread.run(Thread.java:745)

abr 09, 2016 9:24:06 AM org.apache.catalina.core.ApplicationContext log
INFORMAZIONI: ContextListener: contextInitialized()
abr 09, 2016 9:24:06 AM org.apache.catalina.core.ApplicationContext log
INFORMAZIONI: SessionListener: contextInitialized()
abr 09, 2016 9:26:39 AM org.apache.catalina.core.ApplicationContext log
INFORMAZIONI: ContextListener: contextInitialized()
abr 09, 2016 9:26:39 AM org.apache.catalina.core.ApplicationContext log
INFORMAZIONI: SessionListener: contextInitialized()
abr 09, 2016 9:29:36 AM org.apache.catalina.core.ApplicationContext log
INFORMAZIONI: ContextListener: contextInitialized()
abr 09, 2016 9:29:36 AM org.apache.catalina.core.ApplicationContext log
INFORMAZIONI: SessionListener: contextInitialized()
abr 09, 2016 11:10:12 AM org.apache.catalina.core.ApplicationContext log
INFORMAZIONI: ContextListener: contextInitialized()
abr 09, 2016 11:10:12 AM org.apache.catalina.core.ApplicationContext log
INFORMAZIONI: SessionListener: contextInitialized()
abr 09, 2016 11:10:20 AM org.apache.catalina.core.StandardWrapperValve invoke
GRAVE: Servlet.service() for servlet TwilioServlet threw exception
java.lang.NullPointerException
	at com.twilio.StoryMaker.getCurrentNode(StoryMaker.java:61)
	at com.twilio.StoryMaker.makeResponse(StoryMaker.java:31)
	at com.twilio.TwilioServlet.service(TwilioServlet.java:37)
	at javax.servlet.http.HttpServlet.service(HttpServlet.java:723)
	at org.apache.catalina.core.ApplicationFilterChain.internalDoFilter(ApplicationFilterChain.java:290)
	at org.apache.catalina.core.ApplicationFilterChain.doFilter(ApplicationFilterChain.java:206)
	at org.apache.catalina.core.StandardWrapperValve.invoke(StandardWrapperValve.java:233)
	at org.apache.catalina.core.StandardContextValve.invoke(StandardContextValve.java:191)
	at org.apache.catalina.core.StandardHostValve.invoke(StandardHostValve.java:127)
	at org.apache.catalina.valves.ErrorReportValve.invoke(ErrorReportValve.java:103)
	at org.apache.catalina.core.StandardEngineValve.invoke(StandardEngineValve.java:109)
	at org.apache.catalina.connector.CoyoteAdapter.service(CoyoteAdapter.java:293)
	at org.apache.coyote.http11.Http11Processor.process(Http11Processor.java:861)
	at org.apache.coyote.http11.Http11Protocol$Http11ConnectionHandler.process(Http11Protocol.java:612)
	at org.apache.tomcat.util.net.JIoEndpoint$Worker.run(JIoEndpoint.java:503)
	at java.lang.Thread.run(Thread.java:745)

abr 09, 2016 11:12:45 AM org.apache.catalina.core.ApplicationContext log
INFORMAZIONI: ContextListener: contextInitialized()
abr 09, 2016 11:12:45 AM org.apache.catalina.core.ApplicationContext log
INFORMAZIONI: SessionListener: contextInitialized()
abr 09, 2016 11:27:24 AM org.apache.catalina.core.ApplicationContext log
INFORMAZIONI: ContextListener: contextInitialized()
abr 09, 2016 11:27:24 AM org.apache.catalina.core.ApplicationContext log
INFORMAZIONI: SessionListener: contextInitialized()
abr 09, 2016 11:28:34 AM org.apache.catalina.core.StandardWrapperValve invoke
GRAVE: Servlet.service() for servlet TwilioServlet threw exception
java.lang.NullPointerException
	at com.twilio.StoryMaker.makeResponse(StoryMaker.java:44)
	at com.twilio.TwilioServlet.service(TwilioServlet.java:37)
	at javax.servlet.http.HttpServlet.service(HttpServlet.java:723)
	at org.apache.catalina.core.ApplicationFilterChain.internalDoFilter(ApplicationFilterChain.java:290)
	at org.apache.catalina.core.ApplicationFilterChain.doFilter(ApplicationFilterChain.java:206)
	at org.apache.catalina.core.StandardWrapperValve.invoke(StandardWrapperValve.java:233)
	at org.apache.catalina.core.StandardContextValve.invoke(StandardContextValve.java:191)
	at org.apache.catalina.core.StandardHostValve.invoke(StandardHostValve.java:127)
	at org.apache.catalina.valves.ErrorReportValve.invoke(ErrorReportValve.java:103)
	at org.apache.catalina.core.StandardEngineValve.invoke(StandardEngineValve.java:109)
	at org.apache.catalina.connector.CoyoteAdapter.service(CoyoteAdapter.java:293)
	at org.apache.coyote.http11.Http11Processor.process(Http11Processor.java:861)
	at org.apache.coyote.http11.Http11Protocol$Http11ConnectionHandler.process(Http11Protocol.java:612)
	at org.apache.tomcat.util.net.JIoEndpoint$Worker.run(JIoEndpoint.java:503)
	at java.lang.Thread.run(Thread.java:745)

abr 09, 2016 11:29:08 AM org.apache.catalina.core.StandardWrapperValve invoke
GRAVE: Servlet.service() for servlet TwilioServlet threw exception
java.lang.NullPointerException
	at com.twilio.StoryMaker.makeResponse(StoryMaker.java:44)
	at com.twilio.TwilioServlet.service(TwilioServlet.java:37)
	at javax.servlet.http.HttpServlet.service(HttpServlet.java:723)
	at org.apache.catalina.core.ApplicationFilterChain.internalDoFilter(ApplicationFilterChain.java:290)
	at org.apache.catalina.core.ApplicationFilterChain.doFilter(ApplicationFilterChain.java:206)
	at org.apache.catalina.core.StandardWrapperValve.invoke(StandardWrapperValve.java:233)
	at org.apache.catalina.core.StandardContextValve.invoke(StandardContextValve.java:191)
	at org.apache.catalina.core.StandardHostValve.invoke(StandardHostValve.java:127)
	at org.apache.catalina.valves.ErrorReportValve.invoke(ErrorReportValve.java:103)
	at org.apache.catalina.core.StandardEngineValve.invoke(StandardEngineValve.java:109)
	at org.apache.catalina.connector.CoyoteAdapter.service(CoyoteAdapter.java:293)
	at org.apache.coyote.http11.Http11Processor.process(Http11Processor.java:861)
	at org.apache.coyote.http11.Http11Protocol$Http11ConnectionHandler.process(Http11Protocol.java:612)
	at org.apache.tomcat.util.net.JIoEndpoint$Worker.run(JIoEndpoint.java:503)
	at java.lang.Thread.run(Thread.java:745)

abr 09, 2016 11:32:41 AM org.apache.catalina.core.ApplicationContext log
INFORMAZIONI: ContextListener: contextInitialized()
abr 09, 2016 11:32:41 AM org.apache.catalina.core.ApplicationContext log
INFORMAZIONI: SessionListener: contextInitialized()
abr 09, 2016 11:33:18 AM org.apache.catalina.core.StandardWrapperValve invoke
GRAVE: Servlet.service() for servlet TwilioServlet threw exception
java.lang.NullPointerException
	at com.twilio.StoryMaker.makeResponse(StoryMaker.java:44)
	at com.twilio.TwilioServlet.service(TwilioServlet.java:37)
	at javax.servlet.http.HttpServlet.service(HttpServlet.java:723)
	at org.apache.catalina.core.ApplicationFilterChain.internalDoFilter(ApplicationFilterChain.java:290)
	at org.apache.catalina.core.ApplicationFilterChain.doFilter(ApplicationFilterChain.java:206)
	at org.apache.catalina.core.StandardWrapperValve.invoke(StandardWrapperValve.java:233)
	at org.apache.catalina.core.StandardContextValve.invoke(StandardContextValve.java:191)
	at org.apache.catalina.core.StandardHostValve.invoke(StandardHostValve.java:127)
	at org.apache.catalina.valves.ErrorReportValve.invoke(ErrorReportValve.java:103)
	at org.apache.catalina.core.StandardEngineValve.invoke(StandardEngineValve.java:109)
	at org.apache.catalina.connector.CoyoteAdapter.service(CoyoteAdapter.java:293)
	at org.apache.coyote.http11.Http11Processor.process(Http11Processor.java:861)
	at org.apache.coyote.http11.Http11Protocol$Http11ConnectionHandler.process(Http11Protocol.java:612)
	at org.apache.tomcat.util.net.JIoEndpoint$Worker.run(JIoEndpoint.java:503)
	at java.lang.Thread.run(Thread.java:745)

abr 09, 2016 11:36:25 AM org.apache.catalina.core.ApplicationContext log
INFORMAZIONI: ContextListener: contextInitialized()
abr 09, 2016 11:36:25 AM org.apache.catalina.core.ApplicationContext log
INFORMAZIONI: SessionListener: contextInitialized()
abr 09, 2016 11:37:08 AM org.apache.catalina.core.StandardWrapperValve invoke
GRAVE: Servlet.service() for servlet TwilioServlet threw exception
java.lang.NullPointerException
	at com.twilio.Node.whatNext(Node.java:40)
	at com.twilio.StoryMaker.makeResponse(StoryMaker.java:43)
	at com.twilio.TwilioServlet.service(TwilioServlet.java:37)
	at javax.servlet.http.HttpServlet.service(HttpServlet.java:723)
	at org.apache.catalina.core.ApplicationFilterChain.internalDoFilter(ApplicationFilterChain.java:290)
	at org.apache.catalina.core.ApplicationFilterChain.doFilter(ApplicationFilterChain.java:206)
	at org.apache.catalina.core.StandardWrapperValve.invoke(StandardWrapperValve.java:233)
	at org.apache.catalina.core.StandardContextValve.invoke(StandardContextValve.java:191)
	at org.apache.catalina.core.StandardHostValve.invoke(StandardHostValve.java:127)
	at org.apache.catalina.valves.ErrorReportValve.invoke(ErrorReportValve.java:103)
	at org.apache.catalina.core.StandardEngineValve.invoke(StandardEngineValve.java:109)
	at org.apache.catalina.connector.CoyoteAdapter.service(CoyoteAdapter.java:293)
	at org.apache.coyote.http11.Http11Processor.process(Http11Processor.java:861)
	at org.apache.coyote.http11.Http11Protocol$Http11ConnectionHandler.process(Http11Protocol.java:612)
	at org.apache.tomcat.util.net.JIoEndpoint$Worker.run(JIoEndpoint.java:503)
	at java.lang.Thread.run(Thread.java:745)

abr 09, 2016 11:44:41 AM org.apache.catalina.core.ApplicationContext log
INFORMAZIONI: ContextListener: contextInitialized()
abr 09, 2016 11:44:41 AM org.apache.catalina.core.ApplicationContext log
INFORMAZIONI: SessionListener: contextInitialized()
abr 09, 2016 11:45:14 AM org.apache.catalina.core.StandardWrapperValve invoke
GRAVE: Servlet.service() for servlet TwilioServlet threw exception
java.lang.NullPointerException
	at com.twilio.StoryMaker.makeResponse(StoryMaker.java:44)
	at com.twilio.TwilioServlet.service(TwilioServlet.java:37)
	at javax.servlet.http.HttpServlet.service(HttpServlet.java:723)
	at org.apache.catalina.core.ApplicationFilterChain.internalDoFilter(ApplicationFilterChain.java:290)
	at org.apache.catalina.core.ApplicationFilterChain.doFilter(ApplicationFilterChain.java:206)
	at org.apache.catalina.core.StandardWrapperValve.invoke(StandardWrapperValve.java:233)
	at org.apache.catalina.core.StandardContextValve.invoke(StandardContextValve.java:191)
	at org.apache.catalina.core.StandardHostValve.invoke(StandardHostValve.java:127)
	at org.apache.catalina.valves.ErrorReportValve.invoke(ErrorReportValve.java:103)
	at org.apache.catalina.core.StandardEngineValve.invoke(StandardEngineValve.java:109)
	at org.apache.catalina.connector.CoyoteAdapter.service(CoyoteAdapter.java:293)
	at org.apache.coyote.http11.Http11Processor.process(Http11Processor.java:861)
	at org.apache.coyote.http11.Http11Protocol$Http11ConnectionHandler.process(Http11Protocol.java:612)
	at org.apache.tomcat.util.net.JIoEndpoint$Worker.run(JIoEndpoint.java:503)
	at java.lang.Thread.run(Thread.java:745)

abr 09, 2016 11:56:19 AM org.apache.catalina.core.ApplicationContext log
INFORMAZIONI: ContextListener: contextInitialized()
abr 09, 2016 11:56:19 AM org.apache.catalina.core.ApplicationContext log
INFORMAZIONI: SessionListener: contextInitialized()
abr 09, 2016 11:56:49 AM org.apache.catalina.core.StandardWrapperValve invoke
GRAVE: Servlet.service() for servlet TwilioServlet threw exception
java.lang.NullPointerException
	at com.twilio.StoryMaker.makeResponse(StoryMaker.java:44)
	at com.twilio.TwilioServlet.service(TwilioServlet.java:37)
	at javax.servlet.http.HttpServlet.service(HttpServlet.java:723)
	at org.apache.catalina.core.ApplicationFilterChain.internalDoFilter(ApplicationFilterChain.java:290)
	at org.apache.catalina.core.ApplicationFilterChain.doFilter(ApplicationFilterChain.java:206)
	at org.apache.catalina.core.StandardWrapperValve.invoke(StandardWrapperValve.java:233)
	at org.apache.catalina.core.StandardContextValve.invoke(StandardContextValve.java:191)
	at org.apache.catalina.core.StandardHostValve.invoke(StandardHostValve.java:127)
	at org.apache.catalina.valves.ErrorReportValve.invoke(ErrorReportValve.java:103)
	at org.apache.catalina.core.StandardEngineValve.invoke(StandardEngineValve.java:109)
	at org.apache.catalina.connector.CoyoteAdapter.service(CoyoteAdapter.java:293)
	at org.apache.coyote.http11.Http11Processor.process(Http11Processor.java:861)
	at org.apache.coyote.http11.Http11Protocol$Http11ConnectionHandler.process(Http11Protocol.java:612)
	at org.apache.tomcat.util.net.JIoEndpoint$Worker.run(JIoEndpoint.java:503)
	at java.lang.Thread.run(Thread.java:745)

abr 09, 2016 12:01:05 PM org.apache.catalina.core.ApplicationContext log
INFORMAZIONI: ContextListener: contextInitialized()
abr 09, 2016 12:01:05 PM org.apache.catalina.core.ApplicationContext log
INFORMAZIONI: SessionListener: contextInitialized()
abr 09, 2016 12:02:12 PM org.apache.catalina.core.StandardWrapperValve invoke
GRAVE: Servlet.service() for servlet TwilioServlet threw exception
java.lang.NullPointerException
	at com.twilio.StoryMaker.makeResponse(StoryMaker.java:48)
	at com.twilio.TwilioServlet.service(TwilioServlet.java:37)
	at javax.servlet.http.HttpServlet.service(HttpServlet.java:723)
	at org.apache.catalina.core.ApplicationFilterChain.internalDoFilter(ApplicationFilterChain.java:290)
	at org.apache.catalina.core.ApplicationFilterChain.doFilter(ApplicationFilterChain.java:206)
	at org.apache.catalina.core.StandardWrapperValve.invoke(StandardWrapperValve.java:233)
	at org.apache.catalina.core.StandardContextValve.invoke(StandardContextValve.java:191)
	at org.apache.catalina.core.StandardHostValve.invoke(StandardHostValve.java:127)
	at org.apache.catalina.valves.ErrorReportValve.invoke(ErrorReportValve.java:103)
	at org.apache.catalina.core.StandardEngineValve.invoke(StandardEngineValve.java:109)
	at org.apache.catalina.connector.CoyoteAdapter.service(CoyoteAdapter.java:293)
	at org.apache.coyote.http11.Http11Processor.process(Http11Processor.java:861)
	at org.apache.coyote.http11.Http11Protocol$Http11ConnectionHandler.process(Http11Protocol.java:612)
	at org.apache.tomcat.util.net.JIoEndpoint$Worker.run(JIoEndpoint.java:503)
	at java.lang.Thread.run(Thread.java:745)

abr 09, 2016 12:03:30 PM org.apache.catalina.core.ApplicationContext log
INFORMAZIONI: ContextListener: contextInitialized()
abr 09, 2016 12:03:30 PM org.apache.catalina.core.ApplicationContext log
INFORMAZIONI: SessionListener: contextInitialized()
abr 09, 2016 12:04:34 PM org.apache.catalina.core.StandardWrapperValve invoke
GRAVE: Servlet.service() for servlet TwilioServlet threw exception
java.lang.NullPointerException
	at com.twilio.Node.whatNext(Node.java:44)
	at com.twilio.StoryMaker.makeResponse(StoryMaker.java:44)
	at com.twilio.TwilioServlet.service(TwilioServlet.java:37)
	at javax.servlet.http.HttpServlet.service(HttpServlet.java:723)
	at org.apache.catalina.core.ApplicationFilterChain.internalDoFilter(ApplicationFilterChain.java:290)
	at org.apache.catalina.core.ApplicationFilterChain.doFilter(ApplicationFilterChain.java:206)
	at org.apache.catalina.core.StandardWrapperValve.invoke(StandardWrapperValve.java:233)
	at org.apache.catalina.core.StandardContextValve.invoke(StandardContextValve.java:191)
	at org.apache.catalina.core.StandardHostValve.invoke(StandardHostValve.java:127)
	at org.apache.catalina.valves.ErrorReportValve.invoke(ErrorReportValve.java:103)
	at org.apache.catalina.core.StandardEngineValve.invoke(StandardEngineValve.java:109)
	at org.apache.catalina.connector.CoyoteAdapter.service(CoyoteAdapter.java:293)
	at org.apache.coyote.http11.Http11Processor.process(Http11Processor.java:861)
	at org.apache.coyote.http11.Http11Protocol$Http11ConnectionHandler.process(Http11Protocol.java:612)
	at org.apache.tomcat.util.net.JIoEndpoint$Worker.run(JIoEndpoint.java:503)
	at java.lang.Thread.run(Thread.java:745)

abr 09, 2016 12:06:03 PM org.apache.catalina.core.ApplicationContext log
INFORMAZIONI: ContextListener: contextInitialized()
abr 09, 2016 12:06:03 PM org.apache.catalina.core.ApplicationContext log
INFORMAZIONI: SessionListener: contextInitialized()
abr 09, 2016 12:33:44 PM org.apache.catalina.core.ApplicationContext log
INFORMAZIONI: ContextListener: contextInitialized()
abr 09, 2016 12:33:44 PM org.apache.catalina.core.ApplicationContext log
INFORMAZIONI: SessionListener: contextInitialized()
abr 09, 2016 12:49:09 PM org.apache.catalina.core.StandardWrapperValve invoke
GRAVE: Servlet.service() for servlet TwilioServlet threw exception
java.lang.NullPointerException
	at com.twilio.Node.whatNext(Node.java:45)
	at com.twilio.StoryMaker.makeResponse(StoryMaker.java:44)
	at com.twilio.TwilioServlet.service(TwilioServlet.java:37)
	at javax.servlet.http.HttpServlet.service(HttpServlet.java:723)
	at org.apache.catalina.core.ApplicationFilterChain.internalDoFilter(ApplicationFilterChain.java:290)
	at org.apache.catalina.core.ApplicationFilterChain.doFilter(ApplicationFilterChain.java:206)
	at org.apache.catalina.core.StandardWrapperValve.invoke(StandardWrapperValve.java:233)
	at org.apache.catalina.core.StandardContextValve.invoke(StandardContextValve.java:191)
	at org.apache.catalina.core.StandardHostValve.invoke(StandardHostValve.java:127)
	at org.apache.catalina.valves.ErrorReportValve.invoke(ErrorReportValve.java:103)
	at org.apache.catalina.core.StandardEngineValve.invoke(StandardEngineValve.java:109)
	at org.apache.catalina.connector.CoyoteAdapter.service(CoyoteAdapter.java:293)
	at org.apache.coyote.http11.Http11Processor.process(Http11Processor.java:861)
	at org.apache.coyote.http11.Http11Protocol$Http11ConnectionHandler.process(Http11Protocol.java:612)
	at org.apache.tomcat.util.net.JIoEndpoint$Worker.run(JIoEndpoint.java:503)
	at java.lang.Thread.run(Thread.java:745)

abr 09, 2016 1:55:43 PM org.apache.catalina.core.ApplicationContext log
INFORMAZIONI: ContextListener: contextInitialized()
abr 09, 2016 1:55:43 PM org.apache.catalina.core.ApplicationContext log
INFORMAZIONI: SessionListener: contextInitialized()
abr 09, 2016 1:55:51 PM org.apache.catalina.core.StandardWrapperValve invoke
GRAVE: Servlet.service() for servlet TwilioServlet threw exception
java.lang.ClassNotFoundException: com.twilio.CreateNodeTest
	at org.apache.catalina.loader.WebappClassLoader.loadClass(WebappClassLoader.java:1680)
	at org.apache.catalina.loader.WebappClassLoader.loadClass(WebappClassLoader.java:1526)
	at com.twilio.StoryMaker.<init>(StoryMaker.java:21)
	at com.twilio.TwilioServlet.service(TwilioServlet.java:32)
	at javax.servlet.http.HttpServlet.service(HttpServlet.java:723)
	at org.apache.catalina.core.ApplicationFilterChain.internalDoFilter(ApplicationFilterChain.java:290)
	at org.apache.catalina.core.ApplicationFilterChain.doFilter(ApplicationFilterChain.java:206)
	at org.apache.catalina.core.StandardWrapperValve.invoke(StandardWrapperValve.java:233)
	at org.apache.catalina.core.StandardContextValve.invoke(StandardContextValve.java:191)
	at org.apache.catalina.core.StandardHostValve.invoke(StandardHostValve.java:127)
	at org.apache.catalina.valves.ErrorReportValve.invoke(ErrorReportValve.java:103)
	at org.apache.catalina.core.StandardEngineValve.invoke(StandardEngineValve.java:109)
	at org.apache.catalina.connector.CoyoteAdapter.service(CoyoteAdapter.java:293)
	at org.apache.coyote.http11.Http11Processor.process(Http11Processor.java:861)
	at org.apache.coyote.http11.Http11Protocol$Http11ConnectionHandler.process(Http11Protocol.java:612)
	at org.apache.tomcat.util.net.JIoEndpoint$Worker.run(JIoEndpoint.java:503)
	at java.lang.Thread.run(Thread.java:745)

abr 09, 2016 1:57:06 PM org.apache.catalina.core.ApplicationContext log
INFORMAZIONI: ContextListener: contextInitialized()
abr 09, 2016 1:57:06 PM org.apache.catalina.core.ApplicationContext log
INFORMAZIONI: SessionListener: contextInitialized()
abr 09, 2016 1:57:09 PM org.apache.catalina.core.StandardWrapperValve invoke
GRAVE: Servlet.service() for servlet TwilioServlet threw exception
java.lang.ClassNotFoundException: com.twilio.CreateNodeTest
	at org.apache.catalina.loader.WebappClassLoader.loadClass(WebappClassLoader.java:1680)
	at org.apache.catalina.loader.WebappClassLoader.loadClass(WebappClassLoader.java:1526)
	at com.twilio.StoryMaker.<init>(StoryMaker.java:21)
	at com.twilio.TwilioServlet.service(TwilioServlet.java:32)
	at javax.servlet.http.HttpServlet.service(HttpServlet.java:723)
	at org.apache.catalina.core.ApplicationFilterChain.internalDoFilter(ApplicationFilterChain.java:290)
	at org.apache.catalina.core.ApplicationFilterChain.doFilter(ApplicationFilterChain.java:206)
	at org.apache.catalina.core.StandardWrapperValve.invoke(StandardWrapperValve.java:233)
	at org.apache.catalina.core.StandardContextValve.invoke(StandardContextValve.java:191)
	at org.apache.catalina.core.StandardHostValve.invoke(StandardHostValve.java:127)
	at org.apache.catalina.valves.ErrorReportValve.invoke(ErrorReportValve.java:103)
	at org.apache.catalina.core.StandardEngineValve.invoke(StandardEngineValve.java:109)
	at org.apache.catalina.connector.CoyoteAdapter.service(CoyoteAdapter.java:293)
	at org.apache.coyote.http11.Http11Processor.process(Http11Processor.java:861)
	at org.apache.coyote.http11.Http11Protocol$Http11ConnectionHandler.process(Http11Protocol.java:612)
	at org.apache.tomcat.util.net.JIoEndpoint$Worker.run(JIoEndpoint.java:503)
	at java.lang.Thread.run(Thread.java:745)

abr 09, 2016 1:57:11 PM org.apache.catalina.core.StandardWrapperValve invoke
GRAVE: Servlet.service() for servlet TwilioServlet threw exception
java.lang.NoClassDefFoundError: com/twilio/CreateNodeTest
	at com.twilio.StoryMaker.<init>(StoryMaker.java:21)
	at com.twilio.TwilioServlet.service(TwilioServlet.java:32)
	at javax.servlet.http.HttpServlet.service(HttpServlet.java:723)
	at org.apache.catalina.core.ApplicationFilterChain.internalDoFilter(ApplicationFilterChain.java:290)
	at org.apache.catalina.core.ApplicationFilterChain.doFilter(ApplicationFilterChain.java:206)
	at org.apache.catalina.core.StandardWrapperValve.invoke(StandardWrapperValve.java:233)
	at org.apache.catalina.core.StandardContextValve.invoke(StandardContextValve.java:191)
	at org.apache.catalina.core.StandardHostValve.invoke(StandardHostValve.java:127)
	at org.apache.catalina.valves.ErrorReportValve.invoke(ErrorReportValve.java:103)
	at org.apache.catalina.core.StandardEngineValve.invoke(StandardEngineValve.java:109)
	at org.apache.catalina.connector.CoyoteAdapter.service(CoyoteAdapter.java:293)
	at org.apache.coyote.http11.Http11Processor.process(Http11Processor.java:861)
	at org.apache.coyote.http11.Http11Protocol$Http11ConnectionHandler.process(Http11Protocol.java:612)
	at org.apache.tomcat.util.net.JIoEndpoint$Worker.run(JIoEndpoint.java:503)
	at java.lang.Thread.run(Thread.java:745)

abr 09, 2016 1:57:57 PM org.apache.catalina.core.ApplicationContext log
INFORMAZIONI: ContextListener: contextInitialized()
abr 09, 2016 1:57:57 PM org.apache.catalina.core.ApplicationContext log
INFORMAZIONI: SessionListener: contextInitialized()
abr 09, 2016 2:00:12 PM org.apache.catalina.core.StandardWrapperValve invoke
GRAVE: Servlet.service() for servlet TwilioServlet threw exception
java.lang.NullPointerException
	at com.twilio.Node.whatNext(Node.java:49)
	at com.twilio.StoryMaker.makeResponse(StoryMaker.java:42)
	at com.twilio.TwilioServlet.service(TwilioServlet.java:36)
	at javax.servlet.http.HttpServlet.service(HttpServlet.java:723)
	at org.apache.catalina.core.ApplicationFilterChain.internalDoFilter(ApplicationFilterChain.java:290)
	at org.apache.catalina.core.ApplicationFilterChain.doFilter(ApplicationFilterChain.java:206)
	at org.apache.catalina.core.StandardWrapperValve.invoke(StandardWrapperValve.java:233)
	at org.apache.catalina.core.StandardContextValve.invoke(StandardContextValve.java:191)
	at org.apache.catalina.core.StandardHostValve.invoke(StandardHostValve.java:127)
	at org.apache.catalina.valves.ErrorReportValve.invoke(ErrorReportValve.java:103)
	at org.apache.catalina.core.StandardEngineValve.invoke(StandardEngineValve.java:109)
	at org.apache.catalina.connector.CoyoteAdapter.service(CoyoteAdapter.java:293)
	at org.apache.coyote.http11.Http11Processor.process(Http11Processor.java:861)
	at org.apache.coyote.http11.Http11Protocol$Http11ConnectionHandler.process(Http11Protocol.java:612)
	at org.apache.tomcat.util.net.JIoEndpoint$Worker.run(JIoEndpoint.java:503)
	at java.lang.Thread.run(Thread.java:745)

abr 09, 2016 2:06:09 PM org.apache.catalina.core.ApplicationContext log
INFORMAZIONI: ContextListener: contextInitialized()
abr 09, 2016 2:06:09 PM org.apache.catalina.core.ApplicationContext log
INFORMAZIONI: SessionListener: contextInitialized()
abr 09, 2016 2:06:17 PM org.apache.catalina.core.StandardWrapperValve invoke
GRAVE: Servlet.service() for servlet TwilioServlet threw exception
java.lang.ClassNotFoundException: com.twilio.CreateNodeTest
	at org.apache.catalina.loader.WebappClassLoader.loadClass(WebappClassLoader.java:1680)
	at org.apache.catalina.loader.WebappClassLoader.loadClass(WebappClassLoader.java:1526)
	at com.twilio.StoryMaker.<init>(StoryMaker.java:21)
	at com.twilio.TwilioServlet.service(TwilioServlet.java:32)
	at javax.servlet.http.HttpServlet.service(HttpServlet.java:723)
	at org.apache.catalina.core.ApplicationFilterChain.internalDoFilter(ApplicationFilterChain.java:290)
	at org.apache.catalina.core.ApplicationFilterChain.doFilter(ApplicationFilterChain.java:206)
	at org.apache.catalina.core.StandardWrapperValve.invoke(StandardWrapperValve.java:233)
	at org.apache.catalina.core.StandardContextValve.invoke(StandardContextValve.java:191)
	at org.apache.catalina.core.StandardHostValve.invoke(StandardHostValve.java:127)
	at org.apache.catalina.valves.ErrorReportValve.invoke(ErrorReportValve.java:103)
	at org.apache.catalina.core.StandardEngineValve.invoke(StandardEngineValve.java:109)
	at org.apache.catalina.connector.CoyoteAdapter.service(CoyoteAdapter.java:293)
	at org.apache.coyote.http11.Http11Processor.process(Http11Processor.java:861)
	at org.apache.coyote.http11.Http11Protocol$Http11ConnectionHandler.process(Http11Protocol.java:612)
	at org.apache.tomcat.util.net.JIoEndpoint$Worker.run(JIoEndpoint.java:503)
	at java.lang.Thread.run(Thread.java:745)

abr 09, 2016 2:06:57 PM org.apache.catalina.core.ApplicationContext log
INFORMAZIONI: ContextListener: contextInitialized()
abr 09, 2016 2:06:57 PM org.apache.catalina.core.ApplicationContext log
INFORMAZIONI: SessionListener: contextInitialized()
